app/api/rag/stream/route.ts(64,20): error TS7006: Parameter 'controller' implicitly has an 'any' type.
app/api/rag/stream/route.ts(84,35): error TS18048: 'ragResponse.sources' is possibly 'undefined'.
app/test-pyodide-init/page.tsx(28,46): error TS2339: Property 'pyodide' does not exist on type 'PyodideStatisticsService'.
app/test-pyodide-init/page.tsx(36,46): error TS2339: Property 'pyodide' does not exist on type 'PyodideStatisticsService'.
app/test-pyodide-init/page.tsx(67,26): error TS2339: Property 'pyodide' does not exist on type 'PyodideStatisticsService'.
app/test-pyodide-init/page.tsx(69,46): error TS2339: Property 'pyodide' does not exist on type 'PyodideStatisticsService'.
app/test-pyodide-init/page.tsx(86,26): error TS2339: Property 'pyodide' does not exist on type 'PyodideStatisticsService'.
app/test-pyodide-init/page.tsx(88,46): error TS2339: Property 'pyodide' does not exist on type 'PyodideStatisticsService'.
app/test-pyodide-init/page.tsx(108,26): error TS2339: Property 'pyodide' does not exist on type 'PyodideStatisticsService'.
app/test-pyodide-init/page.tsx(110,46): error TS2339: Property 'pyodide' does not exist on type 'PyodideStatisticsService'.
components/charts/StatisticalChartsImproved.tsx(46,9): error TS2352: Conversion of type '{ nbinsx: number; name: string; hovertemplate: string; marker: { color: string; opacity: number; line: { color: string; width: number; }; }; x: number[]; type: "histogram"; }[]' to type 'Data[]' may be a mistake because neither type sufficiently overlaps with the other. If this was intentional, convert the expression to 'unknown' first.
  Object literal may only specify known properties, and 'nbinsx' does not exist in type 'Partial<PlotData>'.
components/home/data-analysis-flow.tsx(89,11): error TS2339: Property 'getDataset' does not exist on type 'AppState'.
components/home/data-analysis-flow.tsx(153,53): error TS7006: Parameter 'warning' implicitly has an 'any' type.
components/home/data-analysis-flow.tsx(153,62): error TS7006: Parameter 'i' implicitly has an 'any' type.
components/home/data-analysis-flow.tsx(159,51): error TS7006: Parameter 'error' implicitly has an 'any' type.
components/home/data-analysis-flow.tsx(159,58): error TS7006: Parameter 'i' implicitly has an 'any' type.
components/home/data-analysis-flow.tsx(178,40): error TS7006: Parameter 'col' implicitly has an 'any' type.
components/home/data-analysis-flow.tsx(178,45): error TS7006: Parameter 'i' implicitly has an 'any' type.
components/smart-flow/AnalysisHistoryPanel.tsx(136,50): error TS2345: Argument of type 'string | undefined' is not assignable to parameter of type 'SetStateAction<string | null>'.
  Type 'undefined' is not assignable to type 'SetStateAction<string | null>'.
components/smart-flow/steps/AnalysisExecutionStep.tsx(119,26): error TS2339: Property 'requirements' does not exist on type 'StatisticalMethod'.
components/smart-flow/steps/AnalysisExecutionStep.tsx(120,49): error TS2339: Property 'requirements' does not exist on type 'StatisticalMethod'.
components/smart-flow/steps/DataValidationStep.tsx(252,82): error TS2554: Expected 1 arguments, but got 2.
components/smart-flow/steps/DataValidationStep.tsx(256,90): error TS2345: Argument of type '{ normality?: { shapiroWilk?: NormalityTestResult | undefined; kolmogorovSmirnov?: { statistic: number; pValue: number; isNormal: boolean; } | undefined; } | undefined; homogeneity?: { ...; } | undefined; independence?: { ...; } | undefined; summary: { ...; }; }' is not assignable to parameter of type 'StatisticalAssumptions'.
  Types of property 'homogeneity' are incompatible.
    Type '{ levene?: HomogeneityTestResult | undefined; bartlett?: { statistic: number; pValue: number; equalVariance: boolean; } | undefined; } | undefined' is not assignable to type '{ levene?: { statistic: number; pValue: number; equalVariance: boolean; } | undefined; bartlett?: { statistic: number; pValue: number; equalVariance: boolean; } | undefined; } | undefined'.
      Type '{ levene?: HomogeneityTestResult | undefined; bartlett?: { statistic: number; pValue: number; equalVariance: boolean; } | undefined; }' is not assignable to type '{ levene?: { statistic: number; pValue: number; equalVariance: boolean; } | undefined; bartlett?: { statistic: number; pValue: number; equalVariance: boolean; } | undefined; }'.
        Types of property 'levene' are incompatible.
          Type 'HomogeneityTestResult | undefined' is not assignable to type '{ statistic: number; pValue: number; equalVariance: boolean; } | undefined'.
            Property 'equalVariance' is missing in type 'HomogeneityTestResult' but required in type '{ statistic: number; pValue: number; equalVariance: boolean; }'.
components/smart-flow/steps/DataValidationStep.tsx(295,20): error TS2345: Argument of type '(prev: 5) => number' is not assignable to parameter of type 'SetStateAction<5>'.
  Type '(prev: 5) => number' is not assignable to type '(prevState: 5) => 5'.
    Type 'number' is not assignable to type '5'.
components/smart-flow/steps/DataValidationStep.tsx(364,62): error TS2339: Property 'andersonDarlingTest' does not exist on type 'PyodideStatisticsService'.
components/smart-flow/steps/DataValidationStep.tsx(369,63): error TS2339: Property 'dagostinoPearsonTest' does not exist on type 'PyodideStatisticsService'.
components/smart-flow/steps/DataValidationStep.tsx(510,44): error TS2339: Property 'violations' does not exist on type '{ canUseParametric: boolean; reasons: string[]; recommendations: string[]; }'.
components/smart-flow/steps/DataValidationStep.tsx(510,84): error TS2339: Property 'violations' does not exist on type '{ canUseParametric: boolean; reasons: string[]; recommendations: string[]; }'.
components/smart-flow/steps/DataValidationStep.tsx(516,50): error TS2339: Property 'violations' does not exist on type '{ canUseParametric: boolean; reasons: string[]; recommendations: string[]; }'.
components/smart-flow/steps/DataValidationStep.tsx(516,66): error TS7006: Parameter 'violation' implicitly has an 'any' type.
components/smart-flow/steps/DataValidationStep.tsx(516,77): error TS7006: Parameter 'idx' implicitly has an 'any' type.
components/smart-flow/steps/DataValidationStep.tsx(769,37): error TS2339: Property 'cv' does not exist on type 'ColumnStatistics'.
components/smart-flow/steps/DataValidationStep.tsx(769,47): error TS2339: Property 'cv' does not exist on type 'ColumnStatistics'.
components/smart-flow/steps/DataValidationStep.tsx(985,38): error TS18048: 'stat.outliers' is possibly 'undefined'.
components/smart-flow/steps/DataValidationStep.tsx(986,38): error TS18048: 'stat.outliers' is possibly 'undefined'.
components/smart-flow/steps/DataValidationStep.tsx(994,36): error TS18048: 'stat.outliers' is possibly 'undefined'.
components/smart-flow/steps/DataValidationStep.tsx(995,36): error TS18048: 'stat.outliers' is possibly 'undefined'.
components/smart-flow/steps/DataValidationStep.tsx(995,75): error TS18048: 'stat.outliers' is possibly 'undefined'.
components/smart-flow/steps/DataValidationStep.tsx(1270,68): error TS2339: Property 'violations' does not exist on type '{ canUseParametric: boolean; reasons: string[]; recommendations: string[]; }'.
components/smart-flow/steps/DataValidationStep.tsx(1280,44): error TS2339: Property 'violations' does not exist on type '{ canUseParametric: boolean; reasons: string[]; recommendations: string[]; }'.
components/smart-flow/steps/DataValidationStep.tsx(1317,44): error TS2339: Property 'violations' does not exist on type '{ canUseParametric: boolean; reasons: string[]; recommendations: string[]; }'.
components/smart-flow/steps/DataValidationStep.tsx(1333,44): error TS2339: Property 'violations' does not exist on type '{ canUseParametric: boolean; reasons: string[]; recommendations: string[]; }'.
components/smart-flow/steps/DataValidationStep.tsx(1349,44): error TS2339: Property 'violations' does not exist on type '{ canUseParametric: boolean; reasons: string[]; recommendations: string[]; }'.
components/smart-flow/steps/DataValidationStep.tsx(1697,34): error TS2322: Type '"info"' is not assignable to type '"default" | "destructive" | "secondary" | "outline" | "success" | "warning" | null | undefined'.
components/smart-flow/steps/DataValidationStep.tsx(2038,38): error TS2559: Type 'string' has no properties in common with type 'Partial<DataTitle>'.
components/smart-flow/steps/DataValidationStep.tsx(2040,31): error TS2559: Type 'string' has no properties in common with type 'Partial<DataTitle>'.
components/smart-flow/steps/DataValidationStep.tsx(2094,36): error TS2559: Type 'string' has no properties in common with type 'Partial<DataTitle>'.
components/smart-flow/steps/DataValidationStep.tsx(2095,36): error TS2559: Type 'string' has no properties in common with type 'Partial<DataTitle>'.
components/smart-flow/steps/DataValidationStep.tsx(2144,25): error TS2322: Type 'string[][]' is not assignable to type 'string | string[] | undefined'.
  Type 'string[][]' is not assignable to type 'string[]'.
    Type 'string[]' is not assignable to type 'string'.
components/smart-flow/steps/DataValidationStep.tsx(2152,27): error TS2559: Type 'string' has no properties in common with type 'Partial<ColorBarTitle>'.
components/smart-flow/steps/DataValidationStep.tsx(2236,35): error TS2559: Type 'string' has no properties in common with type 'Partial<DataTitle>'.
components/smart-flow/steps/DataValidationStep.tsx(2240,35): error TS2559: Type 'string' has no properties in common with type 'Partial<DataTitle>'.
components/smart-flow/steps/DataValidationStep.tsx(2318,40): error TS2559: Type 'string' has no properties in common with type 'Partial<DataTitle>'.
components/smart-flow/steps/DataValidationStep.tsx(2319,40): error TS2559: Type 'string' has no properties in common with type 'Partial<DataTitle>'.
components/smart-flow/steps/DataValidationStepWithCharts.tsx(502,30): error TS2352: Conversion of type '{ text: string[][]; texttemplate: string; textfont: { size: number; }; colorscale: (string | number)[][]; reversescale: boolean; showscale: boolean; colorbar: { thickness: number; len: number; tickfont: Partial<Font>; outlinecolor: string; outlinewidth: number; }; z: number[][]; x: string[]; y: string[]; type: "heat...' to type 'Data' may be a mistake because neither type sufficiently overlaps with the other. If this was intentional, convert the expression to 'unknown' first.
  Type '{ text: string[][]; texttemplate: string; textfont: { size: number; }; colorscale: (string | number)[][]; reversescale: boolean; showscale: boolean; colorbar: { thickness: number; len: number; tickfont: Partial<Font>; outlinecolor: string; outlinewidth: number; }; z: number[][]; x: string[]; y: string[]; type: "heat...' is not comparable to type 'Partial<PlotData>'.
    Types of property 'text' are incompatible.
      Type 'string[][]' is not comparable to type 'string | string[] | undefined'.
        Type 'string[][]' is not comparable to type 'string[]'.
          Type 'string[]' is not comparable to type 'string'.
components/smart-flow/steps/DataValidationStepWithCharts.tsx(556,36): error TS2559: Type 'string' has no properties in common with type 'Partial<DataTitle>'.
components/smart-flow/steps/DataValidationStepWithCharts.tsx(596,38): error TS2559: Type 'string' has no properties in common with type 'Partial<DataTitle>'.
components/smart-flow/steps/DataValidationStepWithCharts.tsx(597,38): error TS2559: Type 'string' has no properties in common with type 'Partial<DataTitle>'.
components/smart-flow/steps/DataValidationStepWithCharts.tsx(814,38): error TS2559: Type 'string' has no properties in common with type 'Partial<DataTitle>'.
components/smart-flow/steps/DataValidationStepWithCharts.tsx(815,38): error TS2559: Type 'string' has no properties in common with type 'Partial<DataTitle>'.
components/smart-flow/steps/DataValidationStepWithCharts.tsx(842,38): error TS2559: Type 'string' has no properties in common with type 'Partial<DataTitle>'.
components/smart-flow/steps/PurposeInputStep.tsx(169,29): error TS2448: Block-scoped variable 'mergedRecommendations' used before its declaration.
components/smart-flow/steps/PurposeInputStep.tsx(169,29): error TS2454: Variable 'mergedRecommendations' is used before being assigned.
components/smart-flow/steps/PurposeInputStep.tsx(208,30): error TS2345: Argument of type 'import("D:/Projects/Statics/statistical-platform/lib/statistics/method-mapping").StatisticalMethod' is not assignable to parameter of type 'import("D:/Projects/Statics/statistical-platform/types/smart-flow").StatisticalMethod'.
  Types of property 'category' are incompatible.
    Type 'string' is not assignable to type '"descriptive" | "t-test" | "anova" | "regression" | "nonparametric" | "advanced"'.
components/smart-flow/steps/ResultsActionStep.tsx(295,40): error TS18048: 'results.assumptions.normality.group1' is possibly 'undefined'.
components/smart-flow/steps/ResultsActionStep.tsx(296,26): error TS18048: 'results.assumptions.normality.group1' is possibly 'undefined'.
components/smart-flow/steps/ResultsActionStep.tsx(297,29): error TS18048: 'results.assumptions.normality.group1' is possibly 'undefined'.
components/smart-flow/steps/ResultsActionStep.tsx(302,40): error TS18048: 'results.assumptions.normality.group2' is possibly 'undefined'.
components/smart-flow/steps/ResultsActionStep.tsx(303,26): error TS18048: 'results.assumptions.normality.group2' is possibly 'undefined'.
components/smart-flow/steps/ResultsActionStep.tsx(304,29): error TS18048: 'results.assumptions.normality.group2' is possibly 'undefined'.
components/smart-flow/steps/validation/charts/ColumnDetailModal.tsx(59,34): error TS2559: Type 'string' has no properties in common with type 'Partial<DataTitle>'.
components/smart-flow/steps/validation/charts/ColumnDetailModal.tsx(60,34): error TS2559: Type 'string' has no properties in common with type 'Partial<DataTitle>'.
components/smart-flow/steps/validation/charts/ColumnDetailModal.tsx(87,34): error TS2559: Type 'string' has no properties in common with type 'Partial<DataTitle>'.
components/smart-flow/steps/validation/charts/CorrelationHeatmap.tsx(22,14): error TS2352: Conversion of type '{ z: number[][]; x: string[]; y: string[]; type: "heatmap"; colorscale: readonly [readonly [0, "#2563EB"], readonly [0.5, "#FFFFFF"], readonly [1, "#DC2626"]]; zmin: number; zmax: number; text: string[][]; texttemplate: string; textfont: { size: number; color: string; }; hovertemplate: string; }' to type 'Data' may be a mistake because neither type sufficiently overlaps with the other. If this was intentional, convert the expression to 'unknown' first.
  Type '{ z: number[][]; x: string[]; y: string[]; type: "heatmap"; colorscale: readonly [readonly [0, "#2563EB"], readonly [0.5, "#FFFFFF"], readonly [1, "#DC2626"]]; zmin: number; zmax: number; text: string[][]; texttemplate: string; textfont: { size: number; color: string; }; hovertemplate: string; }' is not comparable to type 'Partial<PlotData>'.
    Types of property 'text' are incompatible.
      Type 'string[][]' is not comparable to type 'string | string[] | undefined'.
        Type 'string[][]' is not comparable to type 'string[]'.
          Type 'string[]' is not comparable to type 'string'.
components/smart-flow/steps/validation/charts/CorrelationHeatmap.tsx(36,9): error TS2559: Type 'string' has no properties in common with type 'Partial<{ text: string; font: Partial<Font>; xref: "container" | "paper"; yref: "container" | "paper"; x: number; y: number; xanchor: "center" | "auto" | "left" | "right"; yanchor: "auto" | ... 2 more ... | "bottom"; pad: Partial<...>; subtitle: string | Partial<...>; }>'.
components/smart-flow/steps/validation/summary/ColumnStatsTable.tsx(48,69): error TS2339: Property 'count' does not exist on type 'ColumnStatistics'.
components/smart-flow/steps/validation/summary/DataSummaryCard.tsx(44,66): error TS2339: Property 'totalColumns' does not exist on type 'ValidationResults'.
components/smart-flow/steps/validation/summary/DataSummaryCard.tsx(52,66): error TS2339: Property 'duplicateRows' does not exist on type 'ValidationResults'.
components/smart-flow/steps/VariableSelectionStep.tsx(54,24): error TS2559: Type '{ dependent: string | string[] | undefined; independent: string | string[] | undefined; factor: string | string[] | undefined; covariate: string | string[] | undefined; blocking: string | undefined; ... 5 more ...; weight: string | undefined; }' has no properties in common with type 'VariableMapping'.
components/smart-flow/steps/VariableSelectionStep.tsx(148,15): error TS2322: Type '{ methodId: string; data: DataRow[]; onVariablesSelected: (assignment: VariableAssignment) => void; onValidation: (errors: string[]) => void; }' is not assignable to type 'IntrinsicAttributes & VariableSelectorProps'.
  Property 'onValidation' does not exist on type 'IntrinsicAttributes & VariableSelectorProps'.
components/statistics/common/ConfidenceIntervalDisplay.tsx(307,53): error TS2345: Argument of type 'number' is not assignable to parameter of type '4'.
components/statistics/common/ConfidenceIntervalDisplay.tsx(375,65): error TS2345: Argument of type '2' is not assignable to parameter of type '4'.
components/statistics/common/EffectSizeCard.tsx(52,53): error TS2345: Argument of type '"r" | "eta_squared" | "cohen_d" | "phi" | "omega_squared" | "cramers_v"' is not assignable to parameter of type '"r" | "eta_squared" | "cohen_d" | undefined'.
  Type '"phi"' is not assignable to type '"r" | "eta_squared" | "cohen_d" | undefined'.
components/statistics/common/EffectSizeCard.tsx(220,77): error TS2345: Argument of type '"r" | "eta_squared" | "cohen_d" | "phi" | "omega_squared" | "cramers_v"' is not assignable to parameter of type '"r" | "eta_squared" | "cohen_d" | undefined'.
  Type '"phi"' is not assignable to type '"r" | "eta_squared" | "cohen_d" | undefined'.
components/statistics/StatisticalAnalysisTemplate.tsx(16,38): error TS2694: Namespace '"D:/Projects/Statics/statistical-platform/node_modules/@types/papaparse/index"' has no exported member 'default'.
components/statistics/StatisticalAnalysisTemplate.tsx(122,18): error TS7006: Parameter 'result' implicitly has an 'any' type.
components/statistics/StatisticalAnalysisTemplate.tsx(135,15): error TS7006: Parameter 'error' implicitly has an 'any' type.
components/statistics/StatisticalAnalysisTemplate.tsx(548,36): error TS7006: Parameter 'opt' implicitly has an 'any' type.
components/variable-selection/index.ts(13,46): error TS2307: Cannot find module './ProfessionalVariableSelector' or its corresponding type declarations.
components/variable-selection/VariableSelector.tsx(304,34): error TS2339: Property 'skewness' does not exist on type 'ColumnAnalysis'.
components/variable-selection/VariableSelector.tsx(304,62): error TS2339: Property 'skewness' does not exist on type 'ColumnAnalysis'.
components/variable-selection/VariableSelector.tsx(305,76): error TS2339: Property 'skewness' does not exist on type 'ColumnAnalysis'.
components/variable-selection/VariableSelector.tsx(438,64): error TS2339: Property 'rows' does not exist on type 'DatasetAnalysis'.
components/variable-selection/VariableSelector.tsx(488,47): error TS2339: Property 'min' does not exist on type 'ColumnAnalysis'.
components/variable-selection/VariableSelector.tsx(488,74): error TS2339: Property 'max' does not exist on type 'ColumnAnalysis'.
components/variable-selection/VariableSelectorPremium.tsx(23,8): error TS2307: Cannot find module '@/components/ui/command' or its corresponding type declarations.
components/variable-selection/VariableSelectorPremium.tsx(28,8): error TS2307: Cannot find module '@/components/ui/popover' or its corresponding type declarations.
components/visualizations/plotly-chart-renderer.tsx(4,20): error TS7016: Could not find a declaration file for module 'plotly.js-basic-dist'. 'D:/Projects/Statics/statistical-platform/node_modules/plotly.js-basic-dist/plotly-basic.js' implicitly has an 'any' type.
  Try `npm i --save-dev @types/plotly.js-basic-dist` if it exists or add a new declaration (.d.ts) file containing `declare module 'plotly.js-basic-dist';`
components/visualizations/pyodide-chart-panel.tsx(20,35): error TS2307: Cannot find module '@/components/analysis/pyodide-status-card' or its corresponding type declarations.
components/visualizations/pyodide-chart-panel.tsx(68,19): error TS18048: 'dataset.data' is possibly 'undefined'.
components/visualizations/pyodide-chart-panel.tsx(90,24): error TS18048: 'dataset.data' is possibly 'undefined'.
components/visualizations/pyodide-chart-panel.tsx(91,36): error TS2345: Argument of type 'unknown' is not assignable to parameter of type 'string'.
components/visualizations/pyodide-chart-panel.tsx(109,11): error TS18048: 'dataset.data' is possibly 'undefined'.
components/visualizations/pyodide-chart-panel.tsx(111,38): error TS2345: Argument of type 'unknown' is not assignable to parameter of type 'string'.
components/visualizations/pyodide-chart-panel.tsx(114,31): error TS2345: Argument of type 'unknown' is not assignable to parameter of type 'string'.
components/visualizations/pyodide-chart-panel.tsx(115,28): error TS2345: Argument of type 'unknown' is not assignable to parameter of type 'string'.
components/visualizations/pyodide-chart-panel.tsx(117,26): error TS2345: Argument of type 'unknown' is not assignable to parameter of type 'string'.
components/visualizations/pyodide-chart-panel.tsx(139,11): error TS18048: 'dataset.data' is possibly 'undefined'.
components/visualizations/pyodide-chart-panel.tsx(140,34): error TS2345: Argument of type 'unknown' is not assignable to parameter of type 'string'.
components/visualizations/pyodide-chart-panel.tsx(141,34): error TS2345: Argument of type 'unknown' is not assignable to parameter of type 'string'.
components/visualizations/pyodide-chart-panel.tsx(164,24): error TS18048: 'dataset.data' is possibly 'undefined'.
components/visualizations/pyodide-chart-panel.tsx(165,36): error TS2345: Argument of type 'unknown' is not assignable to parameter of type 'string'.
components/visualizations/pyodide-chart-panel.tsx(181,11): error TS18048: 'dataset.data' is possibly 'undefined'.
components/visualizations/pyodide-chart-panel.tsx(183,38): error TS2345: Argument of type 'unknown' is not assignable to parameter of type 'string'.
components/visualizations/pyodide-chart-panel.tsx(186,31): error TS2345: Argument of type 'unknown' is not assignable to parameter of type 'string'.
components/visualizations/pyodide-chart-panel.tsx(187,28): error TS2345: Argument of type 'unknown' is not assignable to parameter of type 'string'.
components/visualizations/pyodide-chart-panel.tsx(189,26): error TS2345: Argument of type 'unknown' is not assignable to parameter of type 'string'.
components/visualizations/pyodide-plotly-chart-panel.tsx(22,35): error TS2307: Cannot find module '@/components/analysis/pyodide-status-card' or its corresponding type declarations.
components/visualizations/pyodide-plotly-chart-panel.tsx(70,19): error TS18048: 'dataset.data' is possibly 'undefined'.
components/visualizations/pyodide-plotly-chart-panel.tsx(92,24): error TS18048: 'dataset.data' is possibly 'undefined'.
components/visualizations/pyodide-plotly-chart-panel.tsx(111,11): error TS18048: 'dataset.data' is possibly 'undefined'.
components/visualizations/pyodide-plotly-chart-panel.tsx(138,11): error TS18048: 'dataset.data' is possibly 'undefined'.
components/visualizations/pyodide-plotly-chart-panel.tsx(167,11): error TS18048: 'dataset.data' is possibly 'undefined'.
components/visualizations/pyodide-plotly-chart-panel.tsx(196,11): error TS18048: 'dataset.data' is possibly 'undefined'.
components/visualizations/pyodide-plotly-chart-panel.tsx(225,24): error TS18048: 'dataset.data' is possibly 'undefined'.
components/visualizations/pyodide-plotly-chart-panel.tsx(243,13): error TS18048: 'dataset.data' is possibly 'undefined'.
lib/design-system/index.ts(40,14): error TS2304: Cannot find name 'ComponentName'.
lib/design-system/index.ts(42,10): error TS2304: Cannot find name 'ThemeName'.
lib/design-system/index.ts(44,10): error TS2304: Cannot find name 'getComponentStyles'.
lib/design-system/index.ts(60,59): error TS2304: Cannot find name 'ThemeName'.
lib/design-system/index.ts(61,19): error TS2304: Cannot find name 'themes'.
lib/design-system/index.ts(68,22): error TS2304: Cannot find name 'themes'.
lib/design-system/index.ts(68,33): error TS2304: Cannot find name 'ThemeName'.
lib/design-system/index.ts(80,26): error TS2304: Cannot find name 'ThemeName'.
lib/design-system/theme-provider.tsx(60,5): error TS2719: Type '{ readonly name: "Perplexity"; readonly description: "Clean, minimal design inspired by Perplexity AI"; readonly components: { readonly analysisCard: { readonly default: "bg-card border border-border rounded-lg shadow-sm hover:shadow-md transition-all duration-200"; readonly hover: "hover:border-primary/20 hover:sha...' is not assignable to type '{ readonly name: "Perplexity"; readonly description: "Clean, minimal design inspired by Perplexity AI"; readonly components: { readonly analysisCard: { readonly default: "bg-card border border-border rounded-lg shadow-sm hover:shadow-md transition-all duration-200"; readonly hover: "hover:border-primary/20 hover:sha...'. Two different types with this name exist, but they are unrelated.
  Property 'components' is missing in type '{ readonly name: "SPSS Classic"; readonly description: "Traditional statistical software styling"; }' but required in type '{ readonly name: "Perplexity"; readonly description: "Clean, minimal design inspired by Perplexity AI"; readonly components: { readonly analysisCard: { readonly default: "bg-card border border-border rounded-lg shadow-sm hover:shadow-md transition-all duration-200"; readonly hover: "hover:border-primary/20 hover:sha...'.
lib/design-system/tokens.ts(117,24): error TS2339: Property 'components' does not exist on type '{ readonly name: "Perplexity"; readonly description: "Clean, minimal design inspired by Perplexity AI"; readonly components: { readonly analysisCard: { readonly default: "bg-card border border-border rounded-lg shadow-sm hover:shadow-md transition-all duration-200"; readonly hover: "hover:border-primary/20 hover:sha...'.
  Property 'components' does not exist on type '{ readonly name: "SPSS Classic"; readonly description: "Traditional statistical software styling"; }'.
lib/design-system/tokens.ts(117,91): error TS2339: Property 'components' does not exist on type '{ readonly name: "Perplexity"; readonly description: "Clean, minimal design inspired by Perplexity AI"; readonly components: { readonly analysisCard: { readonly default: "bg-card border border-border rounded-lg shadow-sm hover:shadow-md transition-all duration-200"; readonly hover: "hover:border-primary/20 hover:sha...'.
lib/plotly-config.ts(65,7): error TS2353: Object literal may only specify known properties, and 'titlefont' does not exist in type 'Partial<LayoutAxis>'.
lib/plotly-config.ts(76,7): error TS2353: Object literal may only specify known properties, and 'titlefont' does not exist in type 'Partial<LayoutAxis>'.
lib/plotly-config.ts(269,7): error TS2353: Object literal may only specify known properties, and 'titlefont' does not exist in type 'Partial<LayoutAxis>'.
lib/plotly-config.ts(280,7): error TS2353: Object literal may only specify known properties, and 'titlefont' does not exist in type 'Partial<LayoutAxis>'.
lib/services/executors/advanced-executor.ts(253,11): error TS2322: Type 'number' is not assignable to type '{ value: number; type: string; interpretation: string; }'.
lib/services/executors/anova-executor.ts(54,11): error TS2322: Type 'number[]' is not assignable to type 'number'.
lib/services/executors/anova-executor.ts(146,41): error TS2554: Expected 3 arguments, but got 1.
lib/services/executors/anova-executor.ts(220,41): error TS2554: Expected 2-3 arguments, but got 1.
lib/services/executors/nonparametric-executor.ts(34,26): error TS2551: Property 'pValue' does not exist on type '{ statistic: number; pvalue: number; }'. Did you mean 'pvalue'?
lib/services/executors/nonparametric-executor.ts(35,58): error TS2551: Property 'pValue' does not exist on type '{ statistic: number; pvalue: number; }'. Did you mean 'pvalue'?
lib/services/executors/nonparametric-executor.ts(45,28): error TS2339: Property 'rankSum1' does not exist on type '{ statistic: number; pvalue: number; }'.
lib/services/executors/nonparametric-executor.ts(46,28): error TS2339: Property 'rankSum2' does not exist on type '{ statistic: number; pvalue: number; }'.
lib/services/executors/nonparametric-executor.ts(70,53): error TS2345: Argument of type 'number[] | undefined' is not assignable to parameter of type 'number[]'.
  Type 'undefined' is not assignable to type 'number[]'.
lib/services/executors/nonparametric-executor.ts(81,26): error TS2551: Property 'pValue' does not exist on type '{ statistic: number; pvalue: number; }'. Did you mean 'pvalue'?
lib/services/executors/nonparametric-executor.ts(82,58): error TS2551: Property 'pValue' does not exist on type '{ statistic: number; pvalue: number; }'. Did you mean 'pvalue'?
lib/services/executors/nonparametric-executor.ts(85,30): error TS2551: Property 'zStatistic' does not exist on type '{ statistic: number; pvalue: number; }'. Did you mean 'statistic'?
lib/services/executors/nonparametric-executor.ts(122,26): error TS2551: Property 'pValue' does not exist on type '{ statistic: number; pvalue: number; df: number; }'. Did you mean 'pvalue'?
lib/services/executors/nonparametric-executor.ts(124,58): error TS2551: Property 'pValue' does not exist on type '{ statistic: number; pvalue: number; df: number; }'. Did you mean 'pvalue'?
lib/services/executors/nonparametric-executor.ts(133,29): error TS2339: Property 'meanRanks' does not exist on type '{ statistic: number; pvalue: number; df: number; }'.
lib/services/executors/nonparametric-executor.ts(166,26): error TS2551: Property 'pValue' does not exist on type '{ statistic: number; pvalue: number; rankings: number[]; }'. Did you mean 'pvalue'?
lib/services/executors/nonparametric-executor.ts(167,58): error TS2551: Property 'pValue' does not exist on type '{ statistic: number; pvalue: number; rankings: number[]; }'. Did you mean 'pvalue'?
lib/services/executors/nonparametric-executor.ts(196,41): error TS2554: Expected 2-4 arguments, but got 1.
lib/services/executors/regression-executor.ts(24,33): error TS2339: Property 'residuals' does not exist on type '{ slope?: number | undefined; intercept?: number | undefined; rSquared: number; pvalue: number; fStatistic?: number | undefined; tStatistic?: number | undefined; predictions?: number[] | undefined; df?: number | undefined; }'.
lib/services/executors/regression-executor.ts(24,51): error TS7006: Parameter 'sum' implicitly has an 'any' type.
lib/services/executors/regression-executor.ts(24,56): error TS7006: Parameter 'r' implicitly has an 'any' type.
lib/services/executors/regression-executor.ts(31,26): error TS2551: Property 'pValue' does not exist on type '{ slope?: number | undefined; intercept?: number | undefined; rSquared: number; pvalue: number; fStatistic?: number | undefined; tStatistic?: number | undefined; predictions?: number[] | undefined; df?: number | undefined; }'. Did you mean 'pvalue'?
lib/services/executors/regression-executor.ts(32,94): error TS2551: Property 'pValue' does not exist on type '{ slope?: number | undefined; intercept?: number | undefined; rSquared: number; pvalue: number; fStatistic?: number | undefined; tStatistic?: number | undefined; predictions?: number[] | undefined; df?: number | undefined; }'. Did you mean 'pvalue'?
lib/services/executors/regression-executor.ts(38,15): error TS2322: Type 'number | undefined' is not assignable to type 'number'.
  Type 'undefined' is not assignable to type 'number'.
lib/services/executors/regression-executor.ts(39,32): error TS2339: Property 'interceptStderr' does not exist on type '{ slope?: number | undefined; intercept?: number | undefined; rSquared: number; pvalue: number; fStatistic?: number | undefined; tStatistic?: number | undefined; predictions?: number[] | undefined; df?: number | undefined; }'.
lib/services/executors/regression-executor.ts(40,23): error TS18048: 'result.intercept' is possibly 'undefined'.
lib/services/executors/regression-executor.ts(40,49): error TS2339: Property 'interceptStderr' does not exist on type '{ slope?: number | undefined; intercept?: number | undefined; rSquared: number; pvalue: number; fStatistic?: number | undefined; tStatistic?: number | undefined; predictions?: number[] | undefined; df?: number | undefined; }'.
lib/services/executors/regression-executor.ts(41,30): error TS2339: Property 'interceptPvalue' does not exist on type '{ slope?: number | undefined; intercept?: number | undefined; rSquared: number; pvalue: number; fStatistic?: number | undefined; tStatistic?: number | undefined; predictions?: number[] | undefined; df?: number | undefined; }'.
lib/services/executors/regression-executor.ts(45,15): error TS2322: Type 'number | undefined' is not assignable to type 'number'.
  Type 'undefined' is not assignable to type 'number'.
lib/services/executors/regression-executor.ts(46,32): error TS2339: Property 'slopeStderr' does not exist on type '{ slope?: number | undefined; intercept?: number | undefined; rSquared: number; pvalue: number; fStatistic?: number | undefined; tStatistic?: number | undefined; predictions?: number[] | undefined; df?: number | undefined; }'.
lib/services/executors/regression-executor.ts(47,23): error TS18048: 'result.slope' is possibly 'undefined'.
lib/services/executors/regression-executor.ts(47,45): error TS2339: Property 'slopeStderr' does not exist on type '{ slope?: number | undefined; intercept?: number | undefined; rSquared: number; pvalue: number; fStatistic?: number | undefined; tStatistic?: number | undefined; predictions?: number[] | undefined; df?: number | undefined; }'.
lib/services/executors/regression-executor.ts(48,30): error TS2551: Property 'pValue' does not exist on type '{ slope?: number | undefined; intercept?: number | undefined; rSquared: number; pvalue: number; fStatistic?: number | undefined; tStatistic?: number | undefined; predictions?: number[] | undefined; df?: number | undefined; }'. Did you mean 'pvalue'?
lib/services/executors/regression-executor.ts(53,29): error TS2339: Property 'residuals' does not exist on type '{ slope?: number | undefined; intercept?: number | undefined; rSquared: number; pvalue: number; fStatistic?: number | undefined; tStatistic?: number | undefined; predictions?: number[] | undefined; df?: number | undefined; }'.
lib/services/executors/statistical-executor.ts(392,23): error TS7006: Parameter 'col' implicitly has an 'any' type.
lib/services/executors/t-test-executor.ts(100,26): error TS2551: Property 'pValue' does not exist on type '{ statistic: number; pvalue: number; df: number; confidenceInterval?: { lower: number; upper: number; } | undefined; }'. Did you mean 'pvalue'?
lib/services/executors/t-test-executor.ts(102,58): error TS2551: Property 'pValue' does not exist on type '{ statistic: number; pvalue: number; df: number; confidenceInterval?: { lower: number; upper: number; } | undefined; }'. Did you mean 'pvalue'?
lib/services/executors/t-test-executor.ts(103,11): error TS2322: Type '{ lower: number; upper: number; } | undefined' is not assignable to type '{ lower: number; upper: number; level: number; } | undefined'.
  Property 'level' is missing in type '{ lower: number; upper: number; }' but required in type '{ lower: number; upper: number; level: number; }'.
lib/services/executors/t-test-executor.ts(161,26): error TS2551: Property 'pValue' does not exist on type '{ statistic: number; pvalue: number; df: number; confidenceInterval?: { lower: number; upper: number; } | undefined; }'. Did you mean 'pvalue'?
lib/services/executors/t-test-executor.ts(163,58): error TS2551: Property 'pValue' does not exist on type '{ statistic: number; pvalue: number; df: number; confidenceInterval?: { lower: number; upper: number; } | undefined; }'. Did you mean 'pvalue'?
lib/services/executors/t-test-executor.ts(164,11): error TS2322: Type '{ lower: number; upper: number; } | undefined' is not assignable to type '{ lower: number; upper: number; level: number; } | undefined'.
  Property 'level' is missing in type '{ lower: number; upper: number; }' but required in type '{ lower: number; upper: number; level: number; }'.
lib/services/smart-recommender.ts(214,92): error TS2322: Type '"posthoc"' is not assignable to type '"descriptive" | "t-test" | "anova" | "regression" | "nonparametric" | "advanced"'.
lib/services/smart-recommender.ts(218,98): error TS2322: Type '"resampling"' is not assignable to type '"descriptive" | "t-test" | "anova" | "regression" | "nonparametric" | "advanced"'.
lib/services/statistical-executor.ts(168,63): error TS7006: Parameter 'col' implicitly has an 'any' type.
lib/services/statistical-executor.ts(186,31): error TS2345: Argument of type 'unknown' is not assignable to parameter of type 'number'.
lib/services/statistical-executor.ts(295,9): error TS2322: Type '{ lower: number; upper: number; } | undefined' is not assignable to type '{ level: number; lower: number; upper: number; } | undefined'.
  Property 'level' is missing in type '{ lower: number; upper: number; }' but required in type '{ level: number; lower: number; upper: number; }'.
lib/services/statistical-executor.ts(327,16): error TS2551: Property 'pvalue' does not exist on type '{ fStatistic: number; pValue: number; df: number[]; etaSquared?: number | undefined; }'. Did you mean 'pValue'?
lib/services/statistical-executor.ts(345,24): error TS2551: Property 'pvalue' does not exist on type '{ fStatistic: number; pValue: number; df: number[]; etaSquared?: number | undefined; }'. Did you mean 'pValue'?
lib/services/statistical-executor.ts(346,9): error TS2322: Type 'number[]' is not assignable to type 'number'.
lib/services/statistical-executor.ts(347,29): error TS2551: Property 'pvalue' does not exist on type '{ fStatistic: number; pValue: number; df: number[]; etaSquared?: number | undefined; }'. Did you mean 'pValue'?
lib/services/statistical-executor.ts(348,32): error TS2551: Property 'pvalue' does not exist on type '{ fStatistic: number; pValue: number; df: number[]; etaSquared?: number | undefined; }'. Did you mean 'pValue'?
lib/services/statistical-executor.ts(401,9): error TS2322: Type 'number | undefined' is not assignable to type 'number'.
  Type 'undefined' is not assignable to type 'number'.
lib/services/statistical-executor.ts(440,63): error TS2554: Expected 2 arguments, but got 3.
lib/services/statistical-executor.ts(456,27): error TS2339: Property 'correlation' does not exist on type '{ pearson: { r: number; pValue: number; }; spearman: { r: number; pValue: number; }; kendall: { r: number; pValue: number; }; }'.
lib/services/statistical-executor.ts(457,24): error TS2339: Property 'pvalue' does not exist on type '{ pearson: { r: number; pValue: number; }; spearman: { r: number; pValue: number; }; kendall: { r: number; pValue: number; }; }'.
lib/services/statistical-executor.ts(458,29): error TS2339: Property 'pvalue' does not exist on type '{ pearson: { r: number; pValue: number; }; spearman: { r: number; pValue: number; }; kendall: { r: number; pValue: number; }; }'.
lib/services/statistical-executor.ts(459,42): error TS2339: Property 'correlation' does not exist on type '{ pearson: { r: number; pValue: number; }; spearman: { r: number; pValue: number; }; kendall: { r: number; pValue: number; }; }'.
lib/services/statistical-executor.ts(459,102): error TS2339: Property 'correlation' does not exist on type '{ pearson: { r: number; pValue: number; }; spearman: { r: number; pValue: number; }; kendall: { r: number; pValue: number; }; }'.
lib/services/statistical-executor.ts(462,36): error TS2339: Property 'confidenceInterval' does not exist on type '{ pearson: { r: number; pValue: number; }; spearman: { r: number; pValue: number; }; kendall: { r: number; pValue: number; }; }'.
lib/services/statistical-executor.ts(604,7): error TS2322: Type 'string' is not assignable to type '"decomposition" | "arima" | "exponential" | undefined'.
lib/services/statistical-executor.ts(619,9): error TS2322: Type 'number | number[]' is not assignable to type 'number'.
  Type 'number[]' is not assignable to type 'number'.
lib/services/statistical-executor.ts(620,24): error TS2339: Property 'pvalue' does not exist on type '{ trend?: number[] | undefined; seasonal?: number[] | undefined; residual?: number[] | undefined; forecast?: number[] | undefined; acf?: number[] | undefined; pacf?: number[] | undefined; }'.
lib/services/statistical-executor.ts(621,29): error TS2339: Property 'pvalue' does not exist on type '{ trend?: number[] | undefined; seasonal?: number[] | undefined; residual?: number[] | undefined; forecast?: number[] | undefined; acf?: number[] | undefined; pacf?: number[] | undefined; }'.
lib/smart-analysis-engine.ts(169,5): error TS2322: Type '{ confidence: string; id: string; title: string; description: string; easyDescription: string; method: string; requiredColumns: string[]; assumptions: string[]; nextSteps: string[]; }[]' is not assignable to type 'AnalysisRecommendation[]'.
  Type '{ confidence: string; id: string; title: string; description: string; easyDescription: string; method: string; requiredColumns: string[]; assumptions: string[]; nextSteps: string[]; }' is not assignable to type 'AnalysisRecommendation'.
    Types of property 'confidence' are incompatible.
      Type 'string' is not assignable to type '"low" | "medium" | "high"'.
lib/smart-analysis-engine.ts(169,38): error TS7053: Element implicitly has an 'any' type because expression of type 'string' can't be used to index type '{ high: number; medium: number; low: number; }'.
  No index signature with a parameter of type 'string' was found on type '{ high: number; medium: number; low: number; }'.
lib/smart-analysis-engine.ts(169,69): error TS7053: Element implicitly has an 'any' type because expression of type 'string' can't be used to index type '{ high: number; medium: number; low: number; }'.
  No index signature with a parameter of type 'string' was found on type '{ high: number; medium: number; low: number; }'.
lib/statistics/__tests__/formatters.test.ts(62,50): error TS2345: Argument of type '2' is not assignable to parameter of type '4'.
lib/statistics/anova.ts(112,3): error TS2304: Cannot find name 'validateNumericArray'.
lib/statistics/descriptive.ts(146,3): error TS2304: Cannot find name 'validateNumericMatrix'.
lib/statistics/groups/advanced.group.ts(60,46): error TS2339: Property 'pca' does not exist on type 'PyodideCoreService'.
lib/statistics/groups/advanced.group.ts(90,46): error TS2339: Property 'factorAnalysis' does not exist on type 'PyodideCoreService'.
lib/statistics/groups/advanced.group.ts(119,46): error TS2339: Property 'clusterAnalysis' does not exist on type 'PyodideCoreService'.
lib/statistics/groups/anova.group.ts(73,46): error TS2339: Property 'oneWayANOVA' does not exist on type 'PyodideCoreService'.
lib/statistics/groups/anova.group.ts(115,46): error TS2339: Property 'twoWayAnova' does not exist on type 'PyodideCoreService'.
lib/statistics/groups/anova.group.ts(147,46): error TS2339: Property 'repeatedMeasuresAnovaWorker' does not exist on type 'PyodideCoreService'.
lib/statistics/groups/anova.group.ts(223,46): error TS2339: Property 'ancovaWorker' does not exist on type 'PyodideCoreService'.
lib/statistics/groups/anova.group.ts(288,46): error TS2339: Property 'manovaWorker' does not exist on type 'PyodideCoreService'.
lib/statistics/groups/anova.group.ts(315,46): error TS2339: Property 'tukeyHSD' does not exist on type 'PyodideCoreService'.
lib/statistics/groups/anova.group.ts(350,46): error TS2339: Property 'scheffeTestWorker' does not exist on type 'PyodideCoreService'.
lib/statistics/groups/anova.group.ts(389,46): error TS2339: Property 'performBonferroni' does not exist on type 'PyodideCoreService'.
lib/statistics/groups/anova.group.ts(430,46): error TS2339: Property 'gamesHowellTest' does not exist on type 'PyodideCoreService'.
lib/statistics/groups/descriptive.group.ts(81,46): error TS2339: Property 'descriptiveStats' does not exist on type 'PyodideCoreService'.
lib/statistics/groups/descriptive.group.ts(118,46): error TS2339: Property 'descriptiveStats' does not exist on type 'PyodideCoreService'.
lib/statistics/groups/descriptive.group.ts(155,46): error TS2339: Property 'descriptiveStats' does not exist on type 'PyodideCoreService'.
lib/statistics/groups/descriptive.group.ts(201,46): error TS2339: Property 'descriptiveStats' does not exist on type 'PyodideCoreService'.
lib/statistics/groups/descriptive.group.ts(263,46): error TS2339: Property 'shapiroWilkTest' does not exist on type 'PyodideCoreService'.
lib/statistics/groups/descriptive.group.ts(323,46): error TS2339: Property 'outlierDetection' does not exist on type 'PyodideCoreService'.
lib/statistics/groups/descriptive.group.ts(535,46): error TS2339: Property 'oneSampleProportionTest' does not exist on type 'PyodideCoreService'.
lib/statistics/groups/descriptive.group.ts(606,46): error TS2339: Property 'cronbachAlpha' does not exist on type 'PyodideCoreService'.
lib/statistics/groups/hypothesis.group.ts(83,46): error TS2339: Property 'twoSampleTTest' does not exist on type 'PyodideCoreService'.
lib/statistics/groups/hypothesis.group.ts(141,46): error TS2339: Property 'pairedTTest' does not exist on type 'PyodideCoreService'.
lib/statistics/groups/hypothesis.group.ts(188,46): error TS2339: Property 'oneSampleTTest' does not exist on type 'PyodideCoreService'.
lib/statistics/groups/hypothesis.group.ts(236,46): error TS2339: Property 'zTestWorker' does not exist on type 'PyodideCoreService'.
lib/statistics/groups/hypothesis.group.ts(267,46): error TS2339: Property 'chiSquareTest' does not exist on type 'PyodideCoreService'.
lib/statistics/groups/hypothesis.group.ts(302,46): error TS2339: Property 'binomialTestWorker' does not exist on type 'PyodideCoreService'.
lib/statistics/groups/hypothesis.group.ts(359,46): error TS2339: Property 'correlationTest' does not exist on type 'PyodideCoreService'.
lib/statistics/groups/hypothesis.group.ts(431,46): error TS2339: Property 'partialCorrelationWorker' does not exist on type 'PyodideCoreService'.
lib/statistics/groups/nonparametric.group.ts(77,46): error TS2339: Property 'mannWhitneyTestWorker' does not exist on type 'PyodideCoreService'.
lib/statistics/groups/nonparametric.group.ts(127,46): error TS2339: Property 'wilcoxonTestWorker' does not exist on type 'PyodideCoreService'.
lib/statistics/groups/nonparametric.group.ts(174,46): error TS2339: Property 'kruskalWallisTestWorker' does not exist on type 'PyodideCoreService'.
lib/statistics/groups/nonparametric.group.ts(207,46): error TS2339: Property 'friedmanTestWorker' does not exist on type 'PyodideCoreService'.
lib/statistics/groups/nonparametric.group.ts(247,46): error TS2339: Property 'signTestWorker' does not exist on type 'PyodideCoreService'.
lib/statistics/groups/nonparametric.group.ts(284,46): error TS2339: Property 'runsTestWorker' does not exist on type 'PyodideCoreService'.
lib/statistics/groups/nonparametric.group.ts(317,46): error TS2339: Property 'mcnemarTestWorker' does not exist on type 'PyodideCoreService'.
lib/statistics/groups/nonparametric.group.ts(359,46): error TS2339: Property 'cochranQTestWorker' does not exist on type 'PyodideCoreService'.
lib/statistics/groups/nonparametric.group.ts(392,46): error TS2339: Property 'moodMedianTestWorker' does not exist on type 'PyodideCoreService'.
lib/statistics/groups/regression.group.ts(71,46): error TS2339: Property 'simpleLinearRegression' does not exist on type 'PyodideCoreService'.
lib/statistics/groups/regression.group.ts(102,46): error TS2339: Property 'multipleRegression' does not exist on type 'PyodideCoreService'.
lib/statistics/groups/regression.group.ts(131,46): error TS2339: Property 'logisticRegression' does not exist on type 'PyodideCoreService'.
