__tests__/core/pyodide-core.test.ts(26,12): error TS7017: Element implicitly has an 'any' type because type 'typeof globalThis' has no index signature.
__tests__/core/pyodide-core.test.ts(26,54): error TS2345: Argument of type 'any' is not assignable to parameter of type 'never'.
app/(dashboard)/statistics/anova/page.tsx(198,34): error TS2345: Argument of type 'SelectedVariables' is not assignable to parameter of type 'Record<string, unknown>'.
  Index signature for type 'string' is missing in type 'SelectedVariables'.
app/(dashboard)/statistics/anova/page.tsx(629,26): error TS2345: Argument of type 'Record<string, unknown>' is not assignable to parameter of type 'SelectedVariables'.
  Type 'Record<string, unknown>' is missing the following properties from type 'SelectedVariables': dependent, independent
app/(dashboard)/statistics/explore-data/page.tsx(508,17): error TS2322: Type '{ title: string; description: string; onMappingChange: (mapping: any) => void; }' is not assignable to type 'IntrinsicAttributes & VariableSelectorProps'.
  Property 'title' does not exist on type 'IntrinsicAttributes & VariableSelectorProps'.
app/(dashboard)/statistics/explore-data/page.tsx(510,35): error TS7006: Parameter 'mapping' implicitly has an 'any' type.
app/(dashboard)/statistics/explore-data/page.tsx(511,19): error TS2722: Cannot invoke an object which is possibly 'undefined'.
app/(dashboard)/statistics/friedman/page.tsx(156,5): error TS2722: Cannot invoke an object which is possibly 'undefined'.
app/(dashboard)/statistics/friedman/page.tsx(156,29): error TS2345: Argument of type 'DataRow[]' is not assignable to parameter of type 'UploadedData'.
  Type 'DataRow[]' is missing the following properties from type 'UploadedData': data, fileName, columns
app/(dashboard)/statistics/friedman/page.tsx(161,5): error TS2722: Cannot invoke an object which is possibly 'undefined'.
app/(dashboard)/statistics/friedman/page.tsx(173,5): error TS2349: This expression is not callable.
  Type 'void' has no call signatures.
app/(dashboard)/statistics/friedman/page.tsx(177,36): error TS2551: Property 'friedmanTest' does not exist on type 'PyodideStatisticsService'. Did you mean 'friedman'?
app/(dashboard)/statistics/friedman/page.tsx(286,13): error TS2322: Type '(data: unknown[]) => void' is not assignable to type '() => void'.
  Target signature provides too few arguments. Expected 1 or more, but got 0.
app/(dashboard)/statistics/friedman/page.tsx(318,13): error TS2740: Type 'UploadedData' is missing the following properties from type 'Record<string, any>[]': length, pop, push, concat, and 35 more.
app/(dashboard)/statistics/friedman/page.tsx(606,38): error TS2552: Cannot find name 'setCurrentStep'. Did you mean 'currentStep'?
app/(dashboard)/statistics/kruskal-wallis/page.tsx(156,5): error TS2722: Cannot invoke an object which is possibly 'undefined'.
app/(dashboard)/statistics/kruskal-wallis/page.tsx(156,29): error TS2345: Argument of type 'DataRow[]' is not assignable to parameter of type 'UploadedData'.
  Type 'DataRow[]' is missing the following properties from type 'UploadedData': data, fileName, columns
app/(dashboard)/statistics/kruskal-wallis/page.tsx(161,5): error TS2722: Cannot invoke an object which is possibly 'undefined'.
app/(dashboard)/statistics/kruskal-wallis/page.tsx(174,5): error TS2349: This expression is not callable.
  Type 'void' has no call signatures.
app/(dashboard)/statistics/kruskal-wallis/page.tsx(178,36): error TS2551: Property 'kruskalWallisTest' does not exist on type 'PyodideStatisticsService'. Did you mean 'kruskalWallis'?
app/(dashboard)/statistics/kruskal-wallis/page.tsx(288,13): error TS2322: Type '(data: unknown[]) => void' is not assignable to type '() => void'.
  Target signature provides too few arguments. Expected 1 or more, but got 0.
app/(dashboard)/statistics/kruskal-wallis/page.tsx(319,13): error TS2740: Type 'UploadedData' is missing the following properties from type 'Record<string, any>[]': length, pop, push, concat, and 35 more.
app/(dashboard)/statistics/ks-test/page.tsx(105,5): error TS2722: Cannot invoke an object which is possibly 'undefined'.
app/(dashboard)/statistics/ks-test/page.tsx(269,5): error TS2722: Cannot invoke an object which is possibly 'undefined'.
app/(dashboard)/statistics/ks-test/page.tsx(364,23): error TS2322: Type '(data: UploadedData) => void' is not assignable to type '() => void'.
  Target signature provides too few arguments. Expected 1 or more, but got 0.
app/(dashboard)/statistics/ks-test/page.tsx(405,11): error TS2322: Type '{ variables: { name: string; type: VariableType; stats: { missing: number; unique: number; min: number; max: number; }; }[]; requirements: VariableRequirement; onSelectionChange: (variables: VariableSelection) => void; methodName: string; }' is not assignable to type 'IntrinsicAttributes & VariableSelectorProps'.
  Property 'variables' does not exist on type 'IntrinsicAttributes & VariableSelectorProps'.
app/(dashboard)/statistics/mann-kendall/__tests__/page.test.tsx(144,101): error TS2339: Property 'onclick' does not exist on type 'Element'.
app/(dashboard)/statistics/mann-kendall/page.tsx(72,7): error TS2304: Cannot find name 'actions'.
app/(dashboard)/statistics/mann-kendall/page.tsx(77,5): error TS2304: Cannot find name 'actions'.
app/(dashboard)/statistics/mann-kendall/page.tsx(80,50): error TS2339: Property 'data' does not exist on type 'string'.
app/(dashboard)/statistics/mann-kendall/page.tsx(120,51): error TS2339: Property 'runPython' does not exist on type '{ pyodideService: PyodideService | null; isLoading: boolean; error: Error | null; }'.
app/(dashboard)/statistics/mann-kendall/page.tsx(123,7): error TS2304: Cannot find name 'actions'.
app/(dashboard)/statistics/mann-kendall/page.tsx(159,9): error TS2322: Type 'null' is not assignable to type 'Record<string, any>[]'.
app/(dashboard)/statistics/mann-kendall/page.tsx(441,5): error TS2304: Cannot find name 'actions'.
app/(dashboard)/statistics/mann-kendall/page.tsx(453,11): error TS2353: Object literal may only specify known properties, and 'content' does not exist in type 'StatisticsStep'.
app/(dashboard)/statistics/mann-kendall/page.tsx(459,19): error TS2322: Type '{ icon: Element; title: string; items: string[]; }' is not assignable to type 'IntrinsicAttributes & { title?: string | undefined; description?: string | undefined; children: ReactNode; icon?: ReactNode; className?: string | undefined; }'.
  Property 'items' does not exist on type 'IntrinsicAttributes & { title?: string | undefined; description?: string | undefined; children: ReactNode; icon?: ReactNode; className?: string | undefined; }'.
app/(dashboard)/statistics/mann-kendall/page.tsx(469,19): error TS2322: Type '{ icon: Element; title: string; items: string[]; }' is not assignable to type 'IntrinsicAttributes & { title?: string | undefined; description?: string | undefined; children: ReactNode; icon?: ReactNode; className?: string | undefined; }'.
  Property 'items' does not exist on type 'IntrinsicAttributes & { title?: string | undefined; description?: string | undefined; children: ReactNode; icon?: ReactNode; className?: string | undefined; }'.
app/(dashboard)/statistics/mann-kendall/page.tsx(521,11): error TS2353: Object literal may only specify known properties, and 'content' does not exist in type 'StatisticsStep'.
app/(dashboard)/statistics/mann-kendall/page.tsx(531,11): error TS2353: Object literal may only specify known properties, and 'content' does not exist in type 'StatisticsStep'.
app/(dashboard)/statistics/mann-kendall/page.tsx(536,11): error TS2353: Object literal may only specify known properties, and 'content' does not exist in type 'StatisticsStep'.
app/(dashboard)/statistics/mann-whitney/page-improved.tsx(131,9): error TS2304: Cannot find name 'actions'.
app/(dashboard)/statistics/mann-whitney/page-improved.tsx(140,7): error TS2698: Spread types may only be created from object types.
app/(dashboard)/statistics/mann-whitney/page-improved.tsx(144,5): error TS2304: Cannot find name 'actions'.
app/(dashboard)/statistics/mann-whitney/page-improved.tsx(146,5): error TS2304: Cannot find name 'actions'.
app/(dashboard)/statistics/mann-whitney/page-improved.tsx(150,5): error TS2304: Cannot find name 'actions'.
app/(dashboard)/statistics/mann-whitney/page-improved.tsx(159,7): error TS2304: Cannot find name 'actions'.
app/(dashboard)/statistics/mann-whitney/page-improved.tsx(163,5): error TS2304: Cannot find name 'actions'.
app/(dashboard)/statistics/mann-whitney/page-improved.tsx(164,5): error TS2304: Cannot find name 'actions'.
app/(dashboard)/statistics/mann-whitney/page-improved.tsx(167,36): error TS2551: Property 'mannWhitneyUTest' does not exist on type 'PyodideStatisticsService'. Did you mean 'mannWhitneyU'?
app/(dashboard)/statistics/mann-whitney/page-improved.tsx(173,7): error TS2304: Cannot find name 'actions'.
app/(dashboard)/statistics/mann-whitney/page-improved.tsx(176,7): error TS2304: Cannot find name 'actions'.
app/(dashboard)/statistics/mann-whitney/page-improved.tsx(198,21): error TS2304: Cannot find name 'actions'.
app/(dashboard)/statistics/mann-whitney/page-improved.tsx(199,7): error TS2322: Type '{ formula: "U = n₁ × n₂ + n₁(n₁+1)/2 - R₁"; assumptions: readonly ["두 표본은 독립적이어야 함", "연속형 또는 서열척도 데이터", "정규분포 가정 불필요"]; sampleSize: "각 집단에서 최소 5개 이상 권장"; usage: "정규분포를 따르지 않는 두 집단 비교"; }' is not assignable to type '{ formula?: string | undefined; assumptions?: string[] | undefined; sampleSize?: string | undefined; usage?: string | undefined; }'.
  Types of property 'assumptions' are incompatible.
    The type 'readonly ["두 표본은 독립적이어야 함", "연속형 또는 서열척도 데이터", "정규분포 가정 불필요"]' is 'readonly' and cannot be assigned to the mutable type 'string[]'.
app/(dashboard)/statistics/mann-whitney/page-improved.tsx(289,13): error TS2322: Type '(data: unknown[]) => void' is not assignable to type '() => void'.
  Target signature provides too few arguments. Expected 1 or more, but got 0.
app/(dashboard)/statistics/mann-whitney/page.tsx(177,22): error TS2352: Conversion of type '{ statistic: number; pvalue: number; }' to type 'MannWhitneyResult' may be a mistake because neither type sufficiently overlaps with the other. If this was intentional, convert the expression to 'unknown' first.
  Type '{ statistic: number; pvalue: number; }' is missing the following properties from type 'MannWhitneyResult': pValue, uValue, nobs1, nobs2, and 6 more.
app/(dashboard)/statistics/mann-whitney/page.tsx(180,9): error TS2554: Expected 2 arguments, but got 3.
app/(dashboard)/statistics/mann-whitney/page.tsx(289,13): error TS2322: Type '(data: unknown[]) => void' is not assignable to type '() => void'.
  Target signature provides too few arguments. Expected 1 or more, but got 0.
app/(dashboard)/statistics/means-plot/page.tsx(92,5): error TS2722: Cannot invoke an object which is possibly 'undefined'.
app/(dashboard)/statistics/means-plot/page.tsx(206,5): error TS2722: Cannot invoke an object which is possibly 'undefined'.
app/(dashboard)/statistics/means-plot/page.tsx(348,25): error TS2322: Type '(value: unknown, name: string) => [unknown, string]' is not assignable to type 'Formatter<ValueType, string>'.
  Type '[unknown, string]' is not assignable to type 'ReactNode | [ReactNode, string]'.
    Type '[unknown, string]' is not assignable to type 'ReactElement<unknown, string | JSXElementConstructor<any>> | Iterable<ReactNode> | ReactPortal | Promise<...> | [...]'.
      Type '[unknown, string]' is not assignable to type '[ReactNode, string]'.
        Type at position 0 in source is not compatible with type at position 0 in target.
          Type 'unknown' is not assignable to type 'ReactNode'.
app/(dashboard)/statistics/means-plot/page.tsx(442,7): error TS4104: The type 'readonly [{ readonly id: "intro"; readonly number: 1; readonly title: "평균 도표 분석"; readonly description: "집단별 평균값과 오차막대를 시각화하여 집단 간 차이를 탐색합니다."; readonly status: "current" | "complete" | "upcoming"; }, { ...; }, { ...; }, { ...; }]' is 'readonly' and cannot be assigned to the mutable type 'StatisticsStep[]'.
app/(dashboard)/statistics/normality-test/page.tsx(453,17): error TS2322: Type '{ title: string; description: string; onMappingChange: (mapping: any) => void; }' is not assignable to type 'IntrinsicAttributes & VariableSelectorProps'.
  Property 'title' does not exist on type 'IntrinsicAttributes & VariableSelectorProps'.
app/(dashboard)/statistics/normality-test/page.tsx(455,35): error TS7006: Parameter 'mapping' implicitly has an 'any' type.
app/(dashboard)/statistics/normality-test/page.tsx(456,19): error TS2722: Cannot invoke an object which is possibly 'undefined'.
app/(dashboard)/statistics/one-sample-t/page.tsx(366,17): error TS2322: Type '{ title: string; description: string; onMappingChange: (mapping: any) => void; }' is not assignable to type 'IntrinsicAttributes & VariableSelectorProps'.
  Property 'title' does not exist on type 'IntrinsicAttributes & VariableSelectorProps'.
app/(dashboard)/statistics/one-sample-t/page.tsx(368,35): error TS7006: Parameter 'mapping' implicitly has an 'any' type.
app/(dashboard)/statistics/one-sample-t/page.tsx(369,19): error TS2722: Cannot invoke an object which is possibly 'undefined'.
app/(dashboard)/statistics/regression/page.tsx(143,5): error TS2722: Cannot invoke an object which is possibly 'undefined'.
app/(dashboard)/statistics/regression/page.tsx(148,5): error TS2722: Cannot invoke an object which is possibly 'undefined'.
app/(dashboard)/statistics/regression/page.tsx(338,49): error TS18046: 'row' is of type 'unknown'.
app/(dashboard)/statistics/regression/page.tsx(343,69): error TS18046: 'row' is of type 'unknown'.
app/(dashboard)/statistics/regression/page.tsx(344,73): error TS18046: 'row' is of type 'unknown'.
app/(dashboard)/statistics/regression/page.tsx(345,73): error TS18046: 'row' is of type 'unknown'.
app/(dashboard)/statistics/regression/page.tsx(356,11): error TS2322: Type '{ variables: { name: string; type: VariableType; stats: { missing: number; unique: number; min: number; max: number; }; }[]; requirements: VariableRequirement; onSelectionChange: (variables: unknown) => void; methodName: any; }' is not assignable to type 'IntrinsicAttributes & VariableSelectorProps'.
  Property 'variables' does not exist on type 'IntrinsicAttributes & VariableSelectorProps'.
app/(dashboard)/statistics/regression/page.tsx(359,23): error TS7053: Element implicitly has an 'any' type because expression of type '"" | "simple" | "multiple" | "logistic"' can't be used to index type '{ simple: { title: string; subtitle: string; description: string; icon: Element; example: string; assumptions: string[]; equation: string; }; multiple: { title: string; subtitle: string; description: string; icon: Element; example: string; assumptions: string[]; equation: string; }; logistic: { ...; }; }'.
  Property '' does not exist on type '{ simple: { title: string; subtitle: string; description: string; icon: Element; example: string; assumptions: string[]; equation: string; }; multiple: { title: string; subtitle: string; description: string; icon: Element; example: string; assumptions: string[]; equation: string; }; logistic: { ...; }; }'.
app/(dashboard)/statistics/regression/page.tsx(391,71): error TS2339: Property 'residualStdError' does not exist on type '{}'.
app/(dashboard)/statistics/regression/page.tsx(418,30): error TS18046: 'coef' is of type 'unknown'.
app/(dashboard)/statistics/regression/page.tsx(419,57): error TS18046: 'coef' is of type 'unknown'.
app/(dashboard)/statistics/regression/page.tsx(420,51): error TS18046: 'coef' is of type 'unknown'.
app/(dashboard)/statistics/regression/page.tsx(421,51): error TS18046: 'coef' is of type 'unknown'.
app/(dashboard)/statistics/regression/page.tsx(422,51): error TS18046: 'coef' is of type 'unknown'.
app/(dashboard)/statistics/regression/page.tsx(424,41): error TS18046: 'coef' is of type 'unknown'.
app/(dashboard)/statistics/regression/page.tsx(425,28): error TS18046: 'coef' is of type 'unknown'.
app/(dashboard)/statistics/regression/page.tsx(425,62): error TS18046: 'coef' is of type 'unknown'.
app/(dashboard)/statistics/regression/page.tsx(429,27): error TS18046: 'coef' is of type 'unknown'.
app/(dashboard)/statistics/regression/page.tsx(429,52): error TS18046: 'coef' is of type 'unknown'.
app/(dashboard)/statistics/regression/page.tsx(469,29): error TS18046: 'item' is of type 'unknown'.
app/(dashboard)/statistics/regression/page.tsx(470,48): error TS18046: 'item' is of type 'unknown'.
app/(dashboard)/statistics/regression/page.tsx(471,37): error TS18046: 'item' is of type 'unknown'.
app/(dashboard)/statistics/regression/page.tsx(471,69): error TS18046: 'item' is of type 'unknown'.
app/(dashboard)/statistics/regression/page.tsx(472,30): error TS18046: 'item' is of type 'unknown'.
app/(dashboard)/statistics/regression/page.tsx(567,30): error TS18046: 'coef' is of type 'unknown'.
app/(dashboard)/statistics/regression/page.tsx(568,57): error TS18046: 'coef' is of type 'unknown'.
app/(dashboard)/statistics/regression/page.tsx(569,51): error TS18046: 'coef' is of type 'unknown'.
app/(dashboard)/statistics/regression/page.tsx(570,51): error TS18046: 'coef' is of type 'unknown'.
app/(dashboard)/statistics/regression/page.tsx(571,51): error TS18046: 'coef' is of type 'unknown'.
app/(dashboard)/statistics/regression/page.tsx(573,41): error TS18046: 'coef' is of type 'unknown'.
app/(dashboard)/statistics/regression/page.tsx(574,28): error TS18046: 'coef' is of type 'unknown'.
app/(dashboard)/statistics/regression/page.tsx(574,62): error TS18046: 'coef' is of type 'unknown'.
app/(dashboard)/statistics/regression/page.tsx(577,51): error TS18046: 'coef' is of type 'unknown'.
app/(dashboard)/statistics/regression/page.tsx(675,25): error TS7053: Element implicitly has an 'any' type because expression of type '"" | "simple" | "multiple" | "logistic"' can't be used to index type '{ simple: { title: string; subtitle: string; description: string; icon: Element; example: string; assumptions: string[]; equation: string; }; multiple: { title: string; subtitle: string; description: string; icon: Element; example: string; assumptions: string[]; equation: string; }; logistic: { ...; }; }'.
  Property '' does not exist on type '{ simple: { title: string; subtitle: string; description: string; icon: Element; example: string; assumptions: string[]; equation: string; }; multiple: { title: string; subtitle: string; description: string; icon: Element; example: string; assumptions: string[]; equation: string; }; logistic: { ...; }; }'.
app/(dashboard)/statistics/reliability/page.tsx(146,7): error TS2698: Spread types may only be created from object types.
app/(dashboard)/statistics/reliability/page.tsx(149,5): error TS2722: Cannot invoke an object which is possibly 'undefined'.
app/(dashboard)/statistics/reliability/page.tsx(149,29): error TS2345: Argument of type 'any[]' is not assignable to parameter of type 'UploadedData'.
  Type 'any[]' is missing the following properties from type 'UploadedData': data, fileName, columns
app/(dashboard)/statistics/reliability/page.tsx(151,22): error TS2345: Argument of type 'null' is not assignable to parameter of type 'string'.
app/(dashboard)/statistics/reliability/page.tsx(155,5): error TS2722: Cannot invoke an object which is possibly 'undefined'.
app/(dashboard)/statistics/reliability/page.tsx(168,22): error TS2345: Argument of type 'null' is not assignable to parameter of type 'string'.
app/(dashboard)/statistics/reliability/page.tsx(172,36): error TS2339: Property 'reliabilityAnalysis' does not exist on type 'PyodideStatisticsService'.
app/(dashboard)/statistics/reliability/page.tsx(302,13): error TS2322: Type '(data: unknown[]) => void' is not assignable to type '() => void'.
  Target signature provides too few arguments. Expected 1 or more, but got 0.
app/(dashboard)/statistics/reliability/page.tsx(323,13): error TS2740: Type 'UploadedData' is missing the following properties from type 'Record<string, any>[]': length, pop, push, concat, and 35 more.
app/(dashboard)/statistics/reliability/page.tsx(337,75): error TS2345: Argument of type '(prev: { model: "alpha" | "split-half" | "parallel"; scaleIfDeleted: boolean; itemStatistics: boolean; interItemCorr: boolean; confidence: number; }) => { model: unknown; scaleIfDeleted: boolean; itemStatistics: boolean; interItemCorr: boolean; confidence: number; }' is not assignable to parameter of type 'SetStateAction<{ model: "alpha" | "split-half" | "parallel"; scaleIfDeleted: boolean; itemStatistics: boolean; interItemCorr: boolean; confidence: number; }>'.
  Type '(prev: { model: "alpha" | "split-half" | "parallel"; scaleIfDeleted: boolean; itemStatistics: boolean; interItemCorr: boolean; confidence: number; }) => { model: unknown; scaleIfDeleted: boolean; itemStatistics: boolean; interItemCorr: boolean; confidence: number; }' is not assignable to type '(prevState: { model: "alpha" | "split-half" | "parallel"; scaleIfDeleted: boolean; itemStatistics: boolean; interItemCorr: boolean; confidence: number; }) => { model: "alpha" | "split-half" | "parallel"; scaleIfDeleted: boolean; itemStatistics: boolean; interItemCorr: boolean; confidence: number; }'.
    Call signature return types '{ model: unknown; scaleIfDeleted: boolean; itemStatistics: boolean; interItemCorr: boolean; confidence: number; }' and '{ model: "alpha" | "split-half" | "parallel"; scaleIfDeleted: boolean; itemStatistics: boolean; interItemCorr: boolean; confidence: number; }' are incompatible.
      The types of 'model' are incompatible between these types.
        Type 'unknown' is not assignable to type '"alpha" | "split-half" | "parallel"'.
app/(dashboard)/statistics/repeated-measures/page.tsx(195,5): error TS2722: Cannot invoke an object which is possibly 'undefined'.
app/(dashboard)/statistics/repeated-measures/page.tsx(195,29): error TS2345: Argument of type 'DataRow[]' is not assignable to parameter of type 'UploadedData'.
  Type 'DataRow[]' is missing the following properties from type 'UploadedData': data, fileName, columns
app/(dashboard)/statistics/repeated-measures/page.tsx(289,5): error TS2722: Cannot invoke an object which is possibly 'undefined'.
app/(dashboard)/statistics/repeated-measures/page.tsx(409,13): error TS2322: Type '(data: unknown[]) => void' is not assignable to type '() => void'.
  Target signature provides too few arguments. Expected 1 or more, but got 0.
app/(dashboard)/statistics/repeated-measures/page.tsx(441,13): error TS2740: Type 'UploadedData' is missing the following properties from type 'Record<string, any>[]': length, pop, push, concat, and 35 more.
app/(dashboard)/statistics/response-surface/page.tsx(104,7): error TS2304: Cannot find name 'actions'.
app/(dashboard)/statistics/response-surface/page.tsx(109,7): error TS2304: Cannot find name 'actions'.
app/(dashboard)/statistics/response-surface/page.tsx(114,5): error TS2304: Cannot find name 'actions'.
app/(dashboard)/statistics/response-surface/page.tsx(117,55): error TS2339: Property 'map' does not exist on type 'string | string[]'.
  Property 'map' does not exist on type 'string'.
app/(dashboard)/statistics/response-surface/page.tsx(117,59): error TS7006: Parameter 'v' implicitly has an 'any' type.
app/(dashboard)/statistics/response-surface/page.tsx(118,54): error TS2339: Property 'data' does not exist on type 'string'.
app/(dashboard)/statistics/response-surface/page.tsx(308,51): error TS2339: Property 'runPython' does not exist on type '{ pyodideService: PyodideService | null; isLoading: boolean; error: Error | null; }'.
app/(dashboard)/statistics/response-surface/page.tsx(311,7): error TS2304: Cannot find name 'actions'.
app/(dashboard)/statistics/response-surface/page.tsx(329,9): error TS2322: Type 'null' is not assignable to type 'Record<string, any>[]'.
app/(dashboard)/statistics/response-surface/page.tsx(598,5): error TS2304: Cannot find name 'actions'.
app/(dashboard)/statistics/response-surface/page.tsx(610,11): error TS2353: Object literal may only specify known properties, and 'content' does not exist in type 'StatisticsStep'.
app/(dashboard)/statistics/response-surface/page.tsx(616,19): error TS2322: Type '{ icon: Element; title: string; items: string[]; }' is not assignable to type 'IntrinsicAttributes & { title?: string | undefined; description?: string | undefined; children: ReactNode; icon?: ReactNode; className?: string | undefined; }'.
  Property 'items' does not exist on type 'IntrinsicAttributes & { title?: string | undefined; description?: string | undefined; children: ReactNode; icon?: ReactNode; className?: string | undefined; }'.
app/(dashboard)/statistics/response-surface/page.tsx(626,19): error TS2322: Type '{ icon: Element; title: string; items: string[]; }' is not assignable to type 'IntrinsicAttributes & { title?: string | undefined; description?: string | undefined; children: ReactNode; icon?: ReactNode; className?: string | undefined; }'.
  Property 'items' does not exist on type 'IntrinsicAttributes & { title?: string | undefined; description?: string | undefined; children: ReactNode; icon?: ReactNode; className?: string | undefined; }'.
app/(dashboard)/statistics/response-surface/page.tsx(683,31): error TS2322: Type 'Dispatch<SetStateAction<boolean>>' is not assignable to type '(checked: CheckedState) => void'.
  Types of parameters 'value' and 'checked' are incompatible.
    Type 'CheckedState' is not assignable to type 'SetStateAction<boolean>'.
      Type '"indeterminate"' is not assignable to type 'SetStateAction<boolean>'.
app/(dashboard)/statistics/response-surface/page.tsx(693,31): error TS2322: Type 'Dispatch<SetStateAction<boolean>>' is not assignable to type '(checked: CheckedState) => void'.
  Types of parameters 'value' and 'checked' are incompatible.
    Type 'CheckedState' is not assignable to type 'SetStateAction<boolean>'.
      Type '"indeterminate"' is not assignable to type 'SetStateAction<boolean>'.
app/(dashboard)/statistics/response-surface/page.tsx(711,11): error TS2353: Object literal may only specify known properties, and 'content' does not exist in type 'StatisticsStep'.
app/(dashboard)/statistics/response-surface/page.tsx(721,11): error TS2353: Object literal may only specify known properties, and 'content' does not exist in type 'StatisticsStep'.
app/(dashboard)/statistics/response-surface/page.tsx(732,11): error TS2353: Object literal may only specify known properties, and 'content' does not exist in type 'StatisticsStep'.
app/(dashboard)/statistics/t-test/page.tsx(172,5): error TS2722: Cannot invoke an object which is possibly 'undefined'.
app/(dashboard)/statistics/t-test/page.tsx(179,5): error TS2722: Cannot invoke an object which is possibly 'undefined'.
app/(dashboard)/statistics/t-test/page.tsx(442,13): error TS2322: Type '(uploadedData: UploadedData) => void' is not assignable to type '() => void'.
  Target signature provides too few arguments. Expected 1 or more, but got 0.
app/(dashboard)/statistics/three-way-anova/page.tsx(235,5): error TS2722: Cannot invoke an object which is possibly 'undefined'.
app/(dashboard)/statistics/three-way-anova/page.tsx(235,29): error TS2345: Argument of type 'DataRow[]' is not assignable to parameter of type 'UploadedData'.
  Type 'DataRow[]' is missing the following properties from type 'UploadedData': data, fileName, columns
app/(dashboard)/statistics/three-way-anova/page.tsx(353,5): error TS2722: Cannot invoke an object which is possibly 'undefined'.
app/(dashboard)/statistics/three-way-anova/page.tsx(353,34): error TS2345: Argument of type 'VariableAssignment' is not assignable to parameter of type 'string[]'.
  Type 'VariableAssignment' is missing the following properties from type 'string[]': length, pop, push, concat, and 35 more.
app/(dashboard)/statistics/three-way-anova/page.tsx(479,13): error TS2322: Type '(data: DataRow[]) => void' is not assignable to type '() => void'.
  Target signature provides too few arguments. Expected 1 or more, but got 0.
app/(dashboard)/statistics/three-way-anova/page.tsx(513,13): error TS2740: Type 'UploadedData' is missing the following properties from type 'Record<string, any>[]': length, pop, push, concat, and 35 more.
app/(dashboard)/statistics/two-way-anova/page.tsx(113,48): error TS2304: Cannot find name 'TwoWayAnovaResult'.
app/(dashboard)/statistics/two-way-anova/page.tsx(169,5): error TS2722: Cannot invoke an object which is possibly 'undefined'.
app/(dashboard)/statistics/two-way-anova/page.tsx(169,34): error TS2345: Argument of type 'unknown' is not assignable to parameter of type 'string[] | null'.
app/(dashboard)/statistics/two-way-anova/page.tsx(171,28): error TS2345: Argument of type 'unknown' is not assignable to parameter of type 'SelectedVariables'.
app/(dashboard)/statistics/two-way-anova/page.tsx(653,88): error TS18046: 'stats' is of type 'unknown'.
app/(dashboard)/statistics/two-way-anova/page.tsx(654,88): error TS18046: 'stats' is of type 'unknown'.
app/(dashboard)/statistics/two-way-anova/page.tsx(655,88): error TS18046: 'stats' is of type 'unknown'.
app/(dashboard)/statistics/two-way-anova/page.tsx(656,88): error TS18046: 'stats' is of type 'unknown'.
app/(dashboard)/statistics/two-way-anova/page.tsx(657,88): error TS18046: 'stats' is of type 'unknown'.
app/(dashboard)/statistics/two-way-anova/page.tsx(658,88): error TS18046: 'stats' is of type 'unknown'.
app/(dashboard)/statistics/two-way-anova/page.tsx(692,90): error TS18046: 'stats' is of type 'unknown'.
app/(dashboard)/statistics/two-way-anova/page.tsx(693,90): error TS18046: 'stats' is of type 'unknown'.
app/(dashboard)/statistics/two-way-anova/page.tsx(694,90): error TS18046: 'stats' is of type 'unknown'.
app/(dashboard)/statistics/two-way-anova/page.tsx(725,90): error TS18046: 'stats' is of type 'unknown'.
app/(dashboard)/statistics/two-way-anova/page.tsx(726,90): error TS18046: 'stats' is of type 'unknown'.
app/(dashboard)/statistics/two-way-anova/page.tsx(727,90): error TS18046: 'stats' is of type 'unknown'.
app/(dashboard)/statistics/two-way-anova/page.tsx(820,63): error TS7006: Parameter 'effect' implicitly has an 'any' type.
app/(dashboard)/statistics/two-way-anova/page.tsx(820,71): error TS7006: Parameter 'index' implicitly has an 'any' type.
app/(dashboard)/statistics/two-way-anova/page.tsx(844,66): error TS7006: Parameter 'rec' implicitly has an 'any' type.
app/(dashboard)/statistics/two-way-anova/page.tsx(844,71): error TS7006: Parameter 'index' implicitly has an 'any' type.
app/(dashboard)/statistics/two-way-anova/page.tsx(890,7): error TS2322: Type '{ id: number; number: number; title: string; description: string; status: string; }[]' is not assignable to type 'StatisticsStep[]'.
  Type '{ id: number; number: number; title: string; description: string; status: string; }' is not assignable to type 'StatisticsStep'.
    Types of property 'id' are incompatible.
      Type 'number' is not assignable to type 'string'.
app/(dashboard)/statistics/two-way-anova/page.tsx(897,25): error TS2322: Type '{ onDataUploaded: (uploadedData: unknown[], uploadedColumns: string[]) => void; onBack: () => void; }' is not assignable to type 'IntrinsicAttributes & DataUploadStepProps'.
  Property 'onDataUploaded' does not exist on type 'IntrinsicAttributes & DataUploadStepProps'.
app/(dashboard)/statistics/wilcoxon/page.tsx(142,7): error TS2698: Spread types may only be created from object types.
app/(dashboard)/statistics/wilcoxon/page.tsx(145,5): error TS2722: Cannot invoke an object which is possibly 'undefined'.
app/(dashboard)/statistics/wilcoxon/page.tsx(145,29): error TS2345: Argument of type 'any[]' is not assignable to parameter of type 'UploadedData'.
  Type 'any[]' is missing the following properties from type 'UploadedData': data, fileName, columns
app/(dashboard)/statistics/wilcoxon/page.tsx(150,5): error TS2722: Cannot invoke an object which is possibly 'undefined'.
app/(dashboard)/statistics/wilcoxon/page.tsx(166,36): error TS2339: Property 'wilcoxonSignedRankTest' does not exist on type 'PyodideStatisticsService'.
app/(dashboard)/statistics/wilcoxon/page.tsx(278,13): error TS2322: Type '(data: unknown[]) => void' is not assignable to type '() => void'.
  Target signature provides too few arguments. Expected 1 or more, but got 0.
app/(dashboard)/statistics/wilcoxon/page.tsx(309,13): error TS2740: Type 'UploadedData' is missing the following properties from type 'Record<string, any>[]': length, pop, push, concat, and 35 more.
app/smart-flow/page.tsx(93,7): error TS2304: Cannot find name 'actions'.
app/smart-flow/page.tsx(104,7): error TS2304: Cannot find name 'actions'.
app/test-pyodide-descriptive/page.tsx(23,5): error TS2304: Cannot find name 'actions'.
app/test-pyodide-descriptive/page.tsx(53,7): error TS2304: Cannot find name 'actions'.
app/test-pyodide-init/page.tsx(28,46): error TS2339: Property 'pyodide' does not exist on type 'PyodideStatisticsService'.
app/test-pyodide-init/page.tsx(36,46): error TS2339: Property 'pyodide' does not exist on type 'PyodideStatisticsService'.
app/test-pyodide-init/page.tsx(67,26): error TS2339: Property 'pyodide' does not exist on type 'PyodideStatisticsService'.
app/test-pyodide-init/page.tsx(69,46): error TS2339: Property 'pyodide' does not exist on type 'PyodideStatisticsService'.
app/test-pyodide-init/page.tsx(86,26): error TS2339: Property 'pyodide' does not exist on type 'PyodideStatisticsService'.
app/test-pyodide-init/page.tsx(88,46): error TS2339: Property 'pyodide' does not exist on type 'PyodideStatisticsService'.
app/test-pyodide-init/page.tsx(108,26): error TS2339: Property 'pyodide' does not exist on type 'PyodideStatisticsService'.
app/test-pyodide-init/page.tsx(110,46): error TS2339: Property 'pyodide' does not exist on type 'PyodideStatisticsService'.
components/charts/__tests__/BoxPlot.test.tsx(5,25): error TS1149: File name 'D:/Projects/Statics/statistical-platform/components/charts/BoxPlot.tsx' differs from already included file name 'D:/Projects/Statics/statistical-platform/components/charts/boxplot.tsx' only in casing.
  The file is in the program because:
    Matched by include pattern '**/*.tsx' in 'D:/Projects/Statics/statistical-platform/tsconfig.json'
    Imported via '../BoxPlot' from file 'D:/Projects/Statics/statistical-platform/components/charts/__tests__/BoxPlot.test.tsx'
components/charts/PlotlyChartImproved.tsx(63,11): error TS2304: Cannot find name 'actions'.
components/charts/PlotlyChartImproved.tsx(68,11): error TS2304: Cannot find name 'actions'.
components/charts/StatisticalChartsImproved.tsx(46,9): error TS2352: Conversion of type '{ nbinsx: number; name: string; hovertemplate: string; marker: { color: string; opacity: number; line: { color: string; width: number; }; }; x: number[]; type: "histogram"; }[]' to type 'Data[]' may be a mistake because neither type sufficiently overlaps with the other. If this was intentional, convert the expression to 'unknown' first.
  Object literal may only specify known properties, and 'nbinsx' does not exist in type 'Partial<PlotData>'.
components/home/data-analysis-flow.tsx(89,11): error TS2339: Property 'getDataset' does not exist on type 'AppState'.
components/home/data-analysis-flow.tsx(153,53): error TS7006: Parameter 'warning' implicitly has an 'any' type.
components/home/data-analysis-flow.tsx(153,62): error TS7006: Parameter 'i' implicitly has an 'any' type.
components/home/data-analysis-flow.tsx(159,51): error TS7006: Parameter 'error' implicitly has an 'any' type.
components/home/data-analysis-flow.tsx(159,58): error TS7006: Parameter 'i' implicitly has an 'any' type.
components/home/data-analysis-flow.tsx(178,40): error TS7006: Parameter 'col' implicitly has an 'any' type.
components/home/data-analysis-flow.tsx(178,45): error TS7006: Parameter 'i' implicitly has an 'any' type.
components/providers/PyodideProvider.tsx(51,5): error TS2304: Cannot find name 'actions'.
components/providers/PyodideProvider.tsx(71,7): error TS2304: Cannot find name 'actions'.
components/providers/PyodideProvider.tsx(119,17): error TS2304: Cannot find name 'actions'.
components/smart-flow/AnalysisHistoryPanel.tsx(136,50): error TS2345: Argument of type 'string | undefined' is not assignable to parameter of type 'SetStateAction<string | null>'.
  Type 'undefined' is not assignable to type 'SetStateAction<string | null>'.
components/smart-flow/steps/AnalysisExecutionStep.tsx(80,7): error TS2304: Cannot find name 'actions'.
components/smart-flow/steps/AnalysisExecutionStep.tsx(119,26): error TS2339: Property 'requirements' does not exist on type 'StatisticalMethod'.
components/smart-flow/steps/AnalysisExecutionStep.tsx(120,49): error TS2339: Property 'requirements' does not exist on type 'StatisticalMethod'.
components/smart-flow/steps/AnalysisExecutionStep.tsx(167,7): error TS2304: Cannot find name 'actions'.
components/smart-flow/steps/AnalysisExecutionStep.tsx(181,7): error TS2304: Cannot find name 'actions'.
components/smart-flow/steps/DataUploadStep.tsx(47,5): error TS2304: Cannot find name 'actions'.
components/smart-flow/steps/DataUploadStep.tsx(62,7): error TS2304: Cannot find name 'actions'.
components/smart-flow/steps/DataUploadStep.tsx(77,11): error TS2304: Cannot find name 'actions'.
components/smart-flow/steps/DataUploadStep.tsx(112,13): error TS2304: Cannot find name 'actions'.
components/smart-flow/steps/DataUploadStep.tsx(134,17): error TS2304: Cannot find name 'actions'.
components/smart-flow/steps/DataUploadStep.tsx(142,17): error TS2304: Cannot find name 'actions'.
components/smart-flow/steps/DataUploadStep.tsx(151,17): error TS2304: Cannot find name 'actions'.
components/smart-flow/steps/DataUploadStep.tsx(167,15): error TS2304: Cannot find name 'actions'.
components/smart-flow/steps/DataUploadStep.tsx(173,9): error TS2304: Cannot find name 'actions'.
components/smart-flow/steps/DataUploadStep.tsx(183,11): error TS2304: Cannot find name 'actions'.
components/smart-flow/steps/DataUploadStep.tsx(217,9): error TS2304: Cannot find name 'actions'.
components/smart-flow/steps/DataUploadStep.tsx(221,7): error TS2304: Cannot find name 'actions'.
components/smart-flow/steps/DataUploadStep.tsx(240,5): error TS2304: Cannot find name 'actions'.
components/smart-flow/steps/DataUploadStep.tsx(260,7): error TS2304: Cannot find name 'actions'.
components/smart-flow/steps/DataValidationStep.tsx(252,82): error TS2554: Expected 1 arguments, but got 2.
components/smart-flow/steps/DataValidationStep.tsx(256,90): error TS2345: Argument of type '{ normality?: { shapiroWilk?: NormalityTestResult | undefined; kolmogorovSmirnov?: { statistic: number; pValue: number; isNormal: boolean; } | undefined; } | undefined; homogeneity?: { ...; } | undefined; independence?: { ...; } | undefined; summary: { ...; }; }' is not assignable to parameter of type 'StatisticalAssumptions'.
  Types of property 'homogeneity' are incompatible.
    Type '{ levene?: HomogeneityTestResult | undefined; bartlett?: { statistic: number; pValue: number; equalVariance: boolean; } | undefined; } | undefined' is not assignable to type '{ levene?: { statistic: number; pValue: number; equalVariance: boolean; } | undefined; bartlett?: { statistic: number; pValue: number; equalVariance: boolean; } | undefined; } | undefined'.
      Type '{ levene?: HomogeneityTestResult | undefined; bartlett?: { statistic: number; pValue: number; equalVariance: boolean; } | undefined; }' is not assignable to type '{ levene?: { statistic: number; pValue: number; equalVariance: boolean; } | undefined; bartlett?: { statistic: number; pValue: number; equalVariance: boolean; } | undefined; }'.
        Types of property 'levene' are incompatible.
          Type 'HomogeneityTestResult | undefined' is not assignable to type '{ statistic: number; pValue: number; equalVariance: boolean; } | undefined'.
            Property 'equalVariance' is missing in type 'HomogeneityTestResult' but required in type '{ statistic: number; pValue: number; equalVariance: boolean; }'.
components/smart-flow/steps/DataValidationStep.tsx(295,20): error TS2345: Argument of type '(prev: 5) => number' is not assignable to parameter of type 'SetStateAction<5>'.
  Type '(prev: 5) => number' is not assignable to type '(prevState: 5) => 5'.
    Type 'number' is not assignable to type '5'.
components/smart-flow/steps/DataValidationStep.tsx(364,62): error TS2339: Property 'andersonDarlingTest' does not exist on type 'PyodideStatisticsService'.
components/smart-flow/steps/DataValidationStep.tsx(369,63): error TS2339: Property 'dagostinoPearsonTest' does not exist on type 'PyodideStatisticsService'.
components/smart-flow/steps/DataValidationStep.tsx(510,44): error TS2339: Property 'violations' does not exist on type '{ canUseParametric: boolean; reasons: string[]; recommendations: string[]; }'.
components/smart-flow/steps/DataValidationStep.tsx(510,84): error TS2339: Property 'violations' does not exist on type '{ canUseParametric: boolean; reasons: string[]; recommendations: string[]; }'.
components/smart-flow/steps/DataValidationStep.tsx(516,50): error TS2339: Property 'violations' does not exist on type '{ canUseParametric: boolean; reasons: string[]; recommendations: string[]; }'.
components/smart-flow/steps/DataValidationStep.tsx(516,66): error TS7006: Parameter 'violation' implicitly has an 'any' type.
components/smart-flow/steps/DataValidationStep.tsx(516,77): error TS7006: Parameter 'idx' implicitly has an 'any' type.
components/smart-flow/steps/DataValidationStep.tsx(769,37): error TS2339: Property 'cv' does not exist on type 'ColumnStatistics'.
components/smart-flow/steps/DataValidationStep.tsx(769,47): error TS2339: Property 'cv' does not exist on type 'ColumnStatistics'.
components/smart-flow/steps/DataValidationStep.tsx(772,37): error TS2339: Property 'skewness' does not exist on type 'ColumnStatistics'.
components/smart-flow/steps/DataValidationStep.tsx(774,49): error TS2339: Property 'skewness' does not exist on type 'ColumnStatistics'.
components/smart-flow/steps/DataValidationStep.tsx(775,49): error TS2339: Property 'skewness' does not exist on type 'ColumnStatistics'.
components/smart-flow/steps/DataValidationStep.tsx(778,41): error TS2339: Property 'skewness' does not exist on type 'ColumnStatistics'.
components/smart-flow/steps/DataValidationStep.tsx(783,37): error TS2339: Property 'kurtosis' does not exist on type 'ColumnStatistics'.
components/smart-flow/steps/DataValidationStep.tsx(785,49): error TS2339: Property 'kurtosis' does not exist on type 'ColumnStatistics'.
components/smart-flow/steps/DataValidationStep.tsx(786,49): error TS2339: Property 'kurtosis' does not exist on type 'ColumnStatistics'.
components/smart-flow/steps/DataValidationStep.tsx(789,41): error TS2339: Property 'kurtosis' does not exist on type 'ColumnStatistics'.
components/smart-flow/steps/DataValidationStep.tsx(828,31): error TS2339: Property 'skewness' does not exist on type 'ColumnStatistics'.
components/smart-flow/steps/DataValidationStep.tsx(828,65): error TS2339: Property 'kurtosis' does not exist on type 'ColumnStatistics'.
components/smart-flow/steps/DataValidationStep.tsx(840,81): error TS2339: Property 'skewness' does not exist on type 'ColumnStatistics'.
components/smart-flow/steps/DataValidationStep.tsx(854,81): error TS2339: Property 'kurtosis' does not exist on type 'ColumnStatistics'.
components/smart-flow/steps/DataValidationStep.tsx(915,43): error TS2339: Property 'q25' does not exist on type 'ColumnStatistics'.
components/smart-flow/steps/DataValidationStep.tsx(915,80): error TS2339: Property 'q75' does not exist on type 'ColumnStatistics'.
components/smart-flow/steps/DataValidationStep.tsx(920,43): error TS2339: Property 'q75' does not exist on type 'ColumnStatistics'.
components/smart-flow/steps/DataValidationStep.tsx(920,61): error TS2339: Property 'q25' does not exist on type 'ColumnStatistics'.
components/smart-flow/steps/DataValidationStep.tsx(985,38): error TS18048: 'stat.outliers' is possibly 'undefined'.
components/smart-flow/steps/DataValidationStep.tsx(985,84): error TS2339: Property 'q25' does not exist on type 'ColumnStatistics'.
components/smart-flow/steps/DataValidationStep.tsx(985,104): error TS2339: Property 'q75' does not exist on type 'ColumnStatistics'.
components/smart-flow/steps/DataValidationStep.tsx(985,122): error TS2339: Property 'q25' does not exist on type 'ColumnStatistics'.
components/smart-flow/steps/DataValidationStep.tsx(986,38): error TS18048: 'stat.outliers' is possibly 'undefined'.
components/smart-flow/steps/DataValidationStep.tsx(986,84): error TS2339: Property 'q75' does not exist on type 'ColumnStatistics'.
components/smart-flow/steps/DataValidationStep.tsx(986,104): error TS2339: Property 'q75' does not exist on type 'ColumnStatistics'.
components/smart-flow/steps/DataValidationStep.tsx(986,122): error TS2339: Property 'q25' does not exist on type 'ColumnStatistics'.
components/smart-flow/steps/DataValidationStep.tsx(994,36): error TS18048: 'stat.outliers' is possibly 'undefined'.
components/smart-flow/steps/DataValidationStep.tsx(995,36): error TS18048: 'stat.outliers' is possibly 'undefined'.
components/smart-flow/steps/DataValidationStep.tsx(995,75): error TS18048: 'stat.outliers' is possibly 'undefined'.
components/smart-flow/steps/DataValidationStep.tsx(1042,52): error TS2339: Property 'topValues' does not exist on type 'ColumnStatistics'.
components/smart-flow/steps/DataValidationStep.tsx(1042,71): error TS7006: Parameter 'acc' implicitly has an 'any' type.
components/smart-flow/steps/DataValidationStep.tsx(1042,76): error TS7006: Parameter 'v' implicitly has an 'any' type.
components/smart-flow/steps/DataValidationStep.tsx(1043,58): error TS2339: Property 'topValues' does not exist on type 'ColumnStatistics'.
components/smart-flow/steps/DataValidationStep.tsx(1044,31): error TS2339: Property 'topValues' does not exist on type 'ColumnStatistics'.
components/smart-flow/steps/DataValidationStep.tsx(1045,56): error TS2339: Property 'topValues' does not exist on type 'ColumnStatistics'.
components/smart-flow/steps/DataValidationStep.tsx(1045,72): error TS7006: Parameter 'v' implicitly has an 'any' type.
components/smart-flow/steps/DataValidationStep.tsx(1063,31): error TS2339: Property 'topValues' does not exist on type 'ColumnStatistics'.
components/smart-flow/steps/DataValidationStep.tsx(1063,49): error TS2339: Property 'topValues' does not exist on type 'ColumnStatistics'.
components/smart-flow/steps/DataValidationStep.tsx(1065,35): error TS2339: Property 'topValues' does not exist on type 'ColumnStatistics'.
components/smart-flow/steps/DataValidationStep.tsx(1065,104): error TS7006: Parameter 'val' implicitly has an 'any' type.
components/smart-flow/steps/DataValidationStep.tsx(1065,109): error TS7006: Parameter 'vidx' implicitly has an 'any' type.
components/smart-flow/steps/DataValidationStep.tsx(1270,68): error TS2339: Property 'violations' does not exist on type '{ canUseParametric: boolean; reasons: string[]; recommendations: string[]; }'.
components/smart-flow/steps/DataValidationStep.tsx(1280,44): error TS2339: Property 'violations' does not exist on type '{ canUseParametric: boolean; reasons: string[]; recommendations: string[]; }'.
components/smart-flow/steps/DataValidationStep.tsx(1317,44): error TS2339: Property 'violations' does not exist on type '{ canUseParametric: boolean; reasons: string[]; recommendations: string[]; }'.
components/smart-flow/steps/DataValidationStep.tsx(1333,44): error TS2339: Property 'violations' does not exist on type '{ canUseParametric: boolean; reasons: string[]; recommendations: string[]; }'.
components/smart-flow/steps/DataValidationStep.tsx(1349,44): error TS2339: Property 'violations' does not exist on type '{ canUseParametric: boolean; reasons: string[]; recommendations: string[]; }'.
components/smart-flow/steps/DataValidationStep.tsx(1651,68): error TS2339: Property 'pValue' does not exist on type '{ levene?: { statistic: number; pValue: number; equalVariance: boolean; } | undefined; bartlett?: { statistic: number; pValue: number; equalVariance: boolean; } | undefined; }'.
components/smart-flow/steps/DataValidationStep.tsx(1653,60): error TS2339: Property 'pValue' does not exist on type '{ levene?: { statistic: number; pValue: number; equalVariance: boolean; } | undefined; bartlett?: { statistic: number; pValue: number; equalVariance: boolean; } | undefined; }'.
components/smart-flow/steps/DataValidationStep.tsx(1660,70): error TS2339: Property 'statistic' does not exist on type '{ levene?: { statistic: number; pValue: number; equalVariance: boolean; } | undefined; bartlett?: { statistic: number; pValue: number; equalVariance: boolean; } | undefined; }'.
components/smart-flow/steps/DataValidationStep.tsx(1664,76): error TS2339: Property 'pValue' does not exist on type '{ levene?: { statistic: number; pValue: number; equalVariance: boolean; } | undefined; bartlett?: { statistic: number; pValue: number; equalVariance: boolean; } | undefined; }'.
components/smart-flow/steps/DataValidationStep.tsx(1665,62): error TS2339: Property 'pValue' does not exist on type '{ levene?: { statistic: number; pValue: number; equalVariance: boolean; } | undefined; bartlett?: { statistic: number; pValue: number; equalVariance: boolean; } | undefined; }'.
components/smart-flow/steps/DataValidationStep.tsx(1672,58): error TS2339: Property 'pValue' does not exist on type '{ levene?: { statistic: number; pValue: number; equalVariance: boolean; } | undefined; bartlett?: { statistic: number; pValue: number; equalVariance: boolean; } | undefined; }'.
components/smart-flow/steps/DataValidationStep.tsx(1697,34): error TS2322: Type '"info"' is not assignable to type '"default" | "destructive" | "outline" | "secondary" | "success" | "warning" | null | undefined'.
components/smart-flow/steps/DataValidationStep.tsx(2038,38): error TS2559: Type 'string' has no properties in common with type 'Partial<DataTitle>'.
components/smart-flow/steps/DataValidationStep.tsx(2040,31): error TS2559: Type 'string' has no properties in common with type 'Partial<DataTitle>'.
components/smart-flow/steps/DataValidationStep.tsx(2075,25): error TS2339: Property 'topValues' does not exist on type 'ColumnStatistics'.
components/smart-flow/steps/DataValidationStep.tsx(2075,43): error TS2339: Property 'topValues' does not exist on type 'ColumnStatistics'.
components/smart-flow/steps/DataValidationStep.tsx(2085,33): error TS2339: Property 'topValues' does not exist on type 'ColumnStatistics'.
components/smart-flow/steps/DataValidationStep.tsx(2085,60): error TS7006: Parameter 'c' implicitly has an 'any' type.
components/smart-flow/steps/DataValidationStep.tsx(2086,33): error TS2339: Property 'topValues' does not exist on type 'ColumnStatistics'.
components/smart-flow/steps/DataValidationStep.tsx(2086,60): error TS7006: Parameter 'c' implicitly has an 'any' type.
components/smart-flow/steps/DataValidationStep.tsx(2094,36): error TS2559: Type 'string' has no properties in common with type 'Partial<DataTitle>'.
components/smart-flow/steps/DataValidationStep.tsx(2095,36): error TS2559: Type 'string' has no properties in common with type 'Partial<DataTitle>'.
components/smart-flow/steps/DataValidationStep.tsx(2144,25): error TS2322: Type 'string[][]' is not assignable to type 'string | string[] | undefined'.
  Type 'string[][]' is not assignable to type 'string[]'.
    Type 'string[]' is not assignable to type 'string'.
components/smart-flow/steps/DataValidationStep.tsx(2152,27): error TS2559: Type 'string' has no properties in common with type 'Partial<ColorBarTitle>'.
components/smart-flow/steps/DataValidationStep.tsx(2236,35): error TS2559: Type 'string' has no properties in common with type 'Partial<DataTitle>'.
components/smart-flow/steps/DataValidationStep.tsx(2240,35): error TS2559: Type 'string' has no properties in common with type 'Partial<DataTitle>'.
components/smart-flow/steps/DataValidationStep.tsx(2318,40): error TS2559: Type 'string' has no properties in common with type 'Partial<DataTitle>'.
components/smart-flow/steps/DataValidationStep.tsx(2319,40): error TS2559: Type 'string' has no properties in common with type 'Partial<DataTitle>'.
components/smart-flow/steps/DataValidationStepWithCharts.tsx(502,30): error TS2352: Conversion of type '{ text: string[][]; texttemplate: string; textfont: { size: number; }; colorscale: (string | number)[][]; reversescale: boolean; showscale: boolean; colorbar: { thickness: number; len: number; tickfont: Partial<Font>; outlinecolor: string; outlinewidth: number; }; z: number[][]; x: string[]; y: string[]; type: "heat...' to type 'Data' may be a mistake because neither type sufficiently overlaps with the other. If this was intentional, convert the expression to 'unknown' first.
  Type '{ text: string[][]; texttemplate: string; textfont: { size: number; }; colorscale: (string | number)[][]; reversescale: boolean; showscale: boolean; colorbar: { thickness: number; len: number; tickfont: Partial<Font>; outlinecolor: string; outlinewidth: number; }; z: number[][]; x: string[]; y: string[]; type: "heat...' is not comparable to type 'Partial<PlotData>'.
    Types of property 'text' are incompatible.
      Type 'string[][]' is not comparable to type 'string | string[] | undefined'.
        Type 'string[][]' is not comparable to type 'string[]'.
          Type 'string[]' is not comparable to type 'string'.
components/smart-flow/steps/DataValidationStepWithCharts.tsx(556,36): error TS2559: Type 'string' has no properties in common with type 'Partial<DataTitle>'.
components/smart-flow/steps/DataValidationStepWithCharts.tsx(596,38): error TS2559: Type 'string' has no properties in common with type 'Partial<DataTitle>'.
components/smart-flow/steps/DataValidationStepWithCharts.tsx(597,38): error TS2559: Type 'string' has no properties in common with type 'Partial<DataTitle>'.
components/smart-flow/steps/DataValidationStepWithCharts.tsx(814,38): error TS2559: Type 'string' has no properties in common with type 'Partial<DataTitle>'.
components/smart-flow/steps/DataValidationStepWithCharts.tsx(815,38): error TS2559: Type 'string' has no properties in common with type 'Partial<DataTitle>'.
components/smart-flow/steps/DataValidationStepWithCharts.tsx(842,38): error TS2559: Type 'string' has no properties in common with type 'Partial<DataTitle>'.
components/smart-flow/steps/PurposeInputStep.tsx(169,29): error TS2448: Block-scoped variable 'mergedRecommendations' used before its declaration.
components/smart-flow/steps/PurposeInputStep.tsx(169,29): error TS2454: Variable 'mergedRecommendations' is used before being assigned.
components/smart-flow/steps/PurposeInputStep.tsx(208,30): error TS2345: Argument of type 'import("D:/Projects/Statics/statistical-platform/lib/statistics/method-mapping").StatisticalMethod' is not assignable to parameter of type 'import("D:/Projects/Statics/statistical-platform/types/smart-flow").StatisticalMethod'.
  Types of property 'category' are incompatible.
    Type 'string' is not assignable to type '"descriptive" | "t-test" | "anova" | "regression" | "nonparametric" | "advanced"'.
components/smart-flow/steps/validation/charts/ColumnDetailModal.tsx(59,34): error TS2559: Type 'string' has no properties in common with type 'Partial<DataTitle>'.
components/smart-flow/steps/validation/charts/ColumnDetailModal.tsx(60,34): error TS2559: Type 'string' has no properties in common with type 'Partial<DataTitle>'.
components/smart-flow/steps/validation/charts/ColumnDetailModal.tsx(87,34): error TS2559: Type 'string' has no properties in common with type 'Partial<DataTitle>'.
components/smart-flow/steps/validation/charts/CorrelationHeatmap.tsx(22,14): error TS2352: Conversion of type '{ z: number[][]; x: string[]; y: string[]; type: "heatmap"; colorscale: readonly [readonly [0, "#2563EB"], readonly [0.5, "#FFFFFF"], readonly [1, "#DC2626"]]; zmin: number; zmax: number; text: string[][]; texttemplate: string; textfont: { size: number; color: string; }; hovertemplate: string; }' to type 'Data' may be a mistake because neither type sufficiently overlaps with the other. If this was intentional, convert the expression to 'unknown' first.
  Type '{ z: number[][]; x: string[]; y: string[]; type: "heatmap"; colorscale: readonly [readonly [0, "#2563EB"], readonly [0.5, "#FFFFFF"], readonly [1, "#DC2626"]]; zmin: number; zmax: number; text: string[][]; texttemplate: string; textfont: { size: number; color: string; }; hovertemplate: string; }' is not comparable to type 'Partial<PlotData>'.
    Types of property 'text' are incompatible.
      Type 'string[][]' is not comparable to type 'string | string[] | undefined'.
        Type 'string[][]' is not comparable to type 'string[]'.
          Type 'string[]' is not comparable to type 'string'.
components/smart-flow/steps/validation/charts/CorrelationHeatmap.tsx(36,9): error TS2559: Type 'string' has no properties in common with type 'Partial<{ text: string; font: Partial<Font>; xref: "container" | "paper"; yref: "container" | "paper"; x: number; y: number; xanchor: "center" | "left" | "right" | "auto"; yanchor: "bottom" | ... 2 more ... | "middle"; pad: Partial<...>; subtitle: string | Partial<...>; }>'.
components/smart-flow/steps/validation/summary/ColumnStatsTable.tsx(48,69): error TS2339: Property 'count' does not exist on type 'ColumnStatistics'.
components/smart-flow/steps/validation/summary/DataSummaryCard.tsx(44,66): error TS2339: Property 'totalColumns' does not exist on type 'ValidationResults'.
components/smart-flow/steps/validation/summary/DataSummaryCard.tsx(52,66): error TS2339: Property 'duplicateRows' does not exist on type 'ValidationResults'.
components/smart-flow/steps/VariableSelectionStep.tsx(54,24): error TS2559: Type '{ dependent: string | string[] | undefined; independent: string | string[] | undefined; factor: string | string[] | undefined; covariate: string | string[] | undefined; blocking: string | undefined; ... 5 more ...; weight: string | undefined; }' has no properties in common with type 'VariableMapping'.
components/smart-flow/steps/VariableSelectionStep.tsx(148,15): error TS2322: Type '{ methodId: string; data: DataRow[]; onVariablesSelected: (assignment: VariableAssignment) => void; onValidation: (errors: string[]) => void; }' is not assignable to type 'IntrinsicAttributes & VariableSelectorProps'.
  Property 'onValidation' does not exist on type 'IntrinsicAttributes & VariableSelectorProps'.
components/statistics/common/ConfidenceIntervalDisplay.tsx(307,53): error TS2345: Argument of type 'number' is not assignable to parameter of type '4'.
components/statistics/common/ConfidenceIntervalDisplay.tsx(375,65): error TS2345: Argument of type '2' is not assignable to parameter of type '4'.
components/statistics/common/EffectSizeCard.tsx(52,53): error TS2345: Argument of type '"r" | "eta_squared" | "cohen_d" | "omega_squared" | "phi" | "cramers_v"' is not assignable to parameter of type '"r" | "eta_squared" | "cohen_d" | undefined'.
  Type '"omega_squared"' is not assignable to type '"r" | "eta_squared" | "cohen_d" | undefined'. Did you mean '"eta_squared"'?
components/statistics/common/EffectSizeCard.tsx(220,77): error TS2345: Argument of type '"r" | "eta_squared" | "cohen_d" | "omega_squared" | "phi" | "cramers_v"' is not assignable to parameter of type '"r" | "eta_squared" | "cohen_d" | undefined'.
  Type '"omega_squared"' is not assignable to type '"r" | "eta_squared" | "cohen_d" | undefined'. Did you mean '"eta_squared"'?
components/statistics/StatisticalAnalysisTemplate.tsx(16,38): error TS2694: Namespace '"D:/Projects/Statics/statistical-platform/node_modules/@types/papaparse/index"' has no exported member 'default'.
components/statistics/StatisticalAnalysisTemplate.tsx(97,9): error TS2304: Cannot find name 'actions'.
components/statistics/StatisticalAnalysisTemplate.tsx(122,18): error TS7006: Parameter 'result' implicitly has an 'any' type.
components/statistics/StatisticalAnalysisTemplate.tsx(129,11): error TS2304: Cannot find name 'actions'.
components/statistics/StatisticalAnalysisTemplate.tsx(135,15): error TS7006: Parameter 'error' implicitly has an 'any' type.
components/statistics/StatisticalAnalysisTemplate.tsx(165,5): error TS2304: Cannot find name 'actions'.
components/statistics/StatisticalAnalysisTemplate.tsx(548,36): error TS7006: Parameter 'opt' implicitly has an 'any' type.
components/variable-selection/index.ts(13,46): error TS2307: Cannot find module './ProfessionalVariableSelector' or its corresponding type declarations.
components/variable-selection/VariableSelector.tsx(304,34): error TS2339: Property 'skewness' does not exist on type 'ColumnAnalysis'.
components/variable-selection/VariableSelector.tsx(304,62): error TS2339: Property 'skewness' does not exist on type 'ColumnAnalysis'.
components/variable-selection/VariableSelector.tsx(305,76): error TS2339: Property 'skewness' does not exist on type 'ColumnAnalysis'.
components/variable-selection/VariableSelector.tsx(438,64): error TS2339: Property 'rows' does not exist on type 'DatasetAnalysis'.
components/variable-selection/VariableSelector.tsx(488,47): error TS2339: Property 'min' does not exist on type 'ColumnAnalysis'.
components/variable-selection/VariableSelector.tsx(488,74): error TS2339: Property 'max' does not exist on type 'ColumnAnalysis'.
components/variable-selection/VariableSelectorPremium.tsx(23,8): error TS2307: Cannot find module '@/components/ui/command' or its corresponding type declarations.
components/variable-selection/VariableSelectorPremium.tsx(28,8): error TS2307: Cannot find module '@/components/ui/popover' or its corresponding type declarations.
components/visualizations/plotly-chart-renderer.tsx(4,20): error TS7016: Could not find a declaration file for module 'plotly.js-basic-dist'. 'D:/Projects/Statics/statistical-platform/node_modules/plotly.js-basic-dist/plotly-basic.js' implicitly has an 'any' type.
  Try `npm i --save-dev @types/plotly.js-basic-dist` if it exists or add a new declaration (.d.ts) file containing `declare module 'plotly.js-basic-dist';`
components/visualizations/pyodide-chart-panel.tsx(20,35): error TS2307: Cannot find module '@/components/analysis/pyodide-status-card' or its corresponding type declarations.
components/visualizations/pyodide-chart-panel.tsx(68,19): error TS18048: 'dataset.data' is possibly 'undefined'.
components/visualizations/pyodide-chart-panel.tsx(74,7): error TS2304: Cannot find name 'actions'.
components/visualizations/pyodide-chart-panel.tsx(79,5): error TS2304: Cannot find name 'actions'.
components/visualizations/pyodide-chart-panel.tsx(90,24): error TS18048: 'dataset.data' is possibly 'undefined'.
components/visualizations/pyodide-chart-panel.tsx(91,36): error TS2345: Argument of type 'unknown' is not assignable to parameter of type 'string'.
components/visualizations/pyodide-chart-panel.tsx(109,11): error TS18048: 'dataset.data' is possibly 'undefined'.
components/visualizations/pyodide-chart-panel.tsx(111,38): error TS2345: Argument of type 'unknown' is not assignable to parameter of type 'string'.
components/visualizations/pyodide-chart-panel.tsx(114,31): error TS2345: Argument of type 'unknown' is not assignable to parameter of type 'string'.
components/visualizations/pyodide-chart-panel.tsx(115,28): error TS2345: Argument of type 'unknown' is not assignable to parameter of type 'string'.
components/visualizations/pyodide-chart-panel.tsx(117,26): error TS2345: Argument of type 'unknown' is not assignable to parameter of type 'string'.
components/visualizations/pyodide-chart-panel.tsx(139,11): error TS18048: 'dataset.data' is possibly 'undefined'.
components/visualizations/pyodide-chart-panel.tsx(140,34): error TS2345: Argument of type 'unknown' is not assignable to parameter of type 'string'.
components/visualizations/pyodide-chart-panel.tsx(141,34): error TS2345: Argument of type 'unknown' is not assignable to parameter of type 'string'.
components/visualizations/pyodide-chart-panel.tsx(164,24): error TS18048: 'dataset.data' is possibly 'undefined'.
components/visualizations/pyodide-chart-panel.tsx(165,36): error TS2345: Argument of type 'unknown' is not assignable to parameter of type 'string'.
components/visualizations/pyodide-chart-panel.tsx(181,11): error TS18048: 'dataset.data' is possibly 'undefined'.
components/visualizations/pyodide-chart-panel.tsx(183,38): error TS2345: Argument of type 'unknown' is not assignable to parameter of type 'string'.
components/visualizations/pyodide-chart-panel.tsx(186,31): error TS2345: Argument of type 'unknown' is not assignable to parameter of type 'string'.
components/visualizations/pyodide-chart-panel.tsx(187,28): error TS2345: Argument of type 'unknown' is not assignable to parameter of type 'string'.
components/visualizations/pyodide-chart-panel.tsx(189,26): error TS2345: Argument of type 'unknown' is not assignable to parameter of type 'string'.
components/visualizations/pyodide-chart-panel.tsx(220,7): error TS2304: Cannot find name 'actions'.
components/visualizations/pyodide-plotly-chart-panel.tsx(22,35): error TS2307: Cannot find module '@/components/analysis/pyodide-status-card' or its corresponding type declarations.
components/visualizations/pyodide-plotly-chart-panel.tsx(70,19): error TS18048: 'dataset.data' is possibly 'undefined'.
components/visualizations/pyodide-plotly-chart-panel.tsx(76,7): error TS2304: Cannot find name 'actions'.
components/visualizations/pyodide-plotly-chart-panel.tsx(81,5): error TS2304: Cannot find name 'actions'.
components/visualizations/pyodide-plotly-chart-panel.tsx(92,24): error TS18048: 'dataset.data' is possibly 'undefined'.
components/visualizations/pyodide-plotly-chart-panel.tsx(111,11): error TS18048: 'dataset.data' is possibly 'undefined'.
components/visualizations/pyodide-plotly-chart-panel.tsx(138,11): error TS18048: 'dataset.data' is possibly 'undefined'.
components/visualizations/pyodide-plotly-chart-panel.tsx(167,11): error TS18048: 'dataset.data' is possibly 'undefined'.
components/visualizations/pyodide-plotly-chart-panel.tsx(196,11): error TS18048: 'dataset.data' is possibly 'undefined'.
components/visualizations/pyodide-plotly-chart-panel.tsx(225,24): error TS18048: 'dataset.data' is possibly 'undefined'.
components/visualizations/pyodide-plotly-chart-panel.tsx(243,13): error TS18048: 'dataset.data' is possibly 'undefined'.
components/visualizations/pyodide-plotly-chart-panel.tsx(276,7): error TS2304: Cannot find name 'actions'.
hooks/use-statistics-worker.ts(52,5): error TS2304: Cannot find name 'actions'.
hooks/use-statistics-worker.ts(73,7): error TS2304: Cannot find name 'actions'.
hooks/use-statistics-worker.ts(119,5): error TS2304: Cannot find name 'actions'.
hooks/use-statistics-worker.ts(138,7): error TS2304: Cannot find name 'actions'.
hooks/use-statistics-worker.ts(188,5): error TS2304: Cannot find name 'actions'.
hooks/use-statistics-worker.ts(208,7): error TS2304: Cannot find name 'actions'.
hooks/useAsyncError.ts(12,7): error TS2304: Cannot find name 'actions'.
lib/design-system/index.ts(40,14): error TS2304: Cannot find name 'ComponentName'.
lib/design-system/index.ts(42,10): error TS2304: Cannot find name 'ThemeName'.
lib/design-system/index.ts(44,10): error TS2304: Cannot find name 'getComponentStyles'.
lib/design-system/index.ts(60,59): error TS2304: Cannot find name 'ThemeName'.
lib/design-system/index.ts(61,19): error TS2552: Cannot find name 'themes'. Did you mean 'theme'?
lib/design-system/index.ts(68,22): error TS2304: Cannot find name 'themes'.
lib/design-system/index.ts(68,33): error TS2304: Cannot find name 'ThemeName'.
lib/design-system/index.ts(80,26): error TS2304: Cannot find name 'ThemeName'.
lib/design-system/theme-provider.tsx(60,5): error TS2719: Type '{ readonly name: "Perplexity"; readonly description: "Clean, minimal design inspired by Perplexity AI"; readonly components: { readonly analysisCard: { readonly default: "bg-card border border-border rounded-lg shadow-sm hover:shadow-md transition-all duration-200"; readonly hover: "hover:border-primary/20 hover:sha...' is not assignable to type '{ readonly name: "Perplexity"; readonly description: "Clean, minimal design inspired by Perplexity AI"; readonly components: { readonly analysisCard: { readonly default: "bg-card border border-border rounded-lg shadow-sm hover:shadow-md transition-all duration-200"; readonly hover: "hover:border-primary/20 hover:sha...'. Two different types with this name exist, but they are unrelated.
  Property 'components' is missing in type '{ readonly name: "SPSS Classic"; readonly description: "Traditional statistical software styling"; }' but required in type '{ readonly name: "Perplexity"; readonly description: "Clean, minimal design inspired by Perplexity AI"; readonly components: { readonly analysisCard: { readonly default: "bg-card border border-border rounded-lg shadow-sm hover:shadow-md transition-all duration-200"; readonly hover: "hover:border-primary/20 hover:sha...'.
lib/design-system/tokens.ts(117,24): error TS2339: Property 'components' does not exist on type '{ readonly name: "Perplexity"; readonly description: "Clean, minimal design inspired by Perplexity AI"; readonly components: { readonly analysisCard: { readonly default: "bg-card border border-border rounded-lg shadow-sm hover:shadow-md transition-all duration-200"; readonly hover: "hover:border-primary/20 hover:sha...'.
  Property 'components' does not exist on type '{ readonly name: "SPSS Classic"; readonly description: "Traditional statistical software styling"; }'.
lib/design-system/tokens.ts(117,91): error TS2339: Property 'components' does not exist on type '{ readonly name: "Perplexity"; readonly description: "Clean, minimal design inspired by Perplexity AI"; readonly components: { readonly analysisCard: { readonly default: "bg-card border border-border rounded-lg shadow-sm hover:shadow-md transition-all duration-200"; readonly hover: "hover:border-primary/20 hover:sha...'.
lib/pdf-report-service.ts(30,5): error TS2353: Object literal may only specify known properties, and 'scale' does not exist in type 'Html2CanvasOptions'.
lib/pdf-report-service.ts(258,26): error TS2339: Property 'getNumberOfPages' does not exist on type 'jsPDF'.
lib/plotly-config.ts(65,7): error TS2353: Object literal may only specify known properties, and 'titlefont' does not exist in type 'Partial<LayoutAxis>'.
lib/plotly-config.ts(76,7): error TS2353: Object literal may only specify known properties, and 'titlefont' does not exist in type 'Partial<LayoutAxis>'.
lib/plotly-config.ts(269,7): error TS2353: Object literal may only specify known properties, and 'titlefont' does not exist in type 'Partial<LayoutAxis>'.
lib/plotly-config.ts(280,7): error TS2353: Object literal may only specify known properties, and 'titlefont' does not exist in type 'Partial<LayoutAxis>'.
lib/services/executors/advanced-executor.ts(253,11): error TS2322: Type 'number' is not assignable to type '{ value: number; type: string; interpretation: string; }'.
lib/services/executors/anova-executor.ts(21,37): error TS2551: Property 'pvalue' does not exist on type '{ statistic: number; pValue: number; equalVariance: boolean; }'. Did you mean 'pValue'?
lib/services/executors/anova-executor.ts(46,36): error TS2551: Property 'pvalue' does not exist on type '{ statistic: number; pValue: number; equalVariance: boolean; }'. Did you mean 'pValue'?
lib/services/executors/anova-executor.ts(52,34): error TS2551: Property 'statistic' does not exist on type '{ fStatistic: number; pvalue: number; df: number[]; etaSquared?: number | undefined; }'. Did you mean 'fStatistic'?
lib/services/executors/anova-executor.ts(54,11): error TS2322: Type 'number[]' is not assignable to type 'number'.
lib/services/executors/anova-executor.ts(64,34): error TS2339: Property 'betweenSS' does not exist on type '{ fStatistic: number; pvalue: number; df: number[]; etaSquared?: number | undefined; }'.
lib/services/executors/anova-executor.ts(65,33): error TS2339: Property 'withinSS' does not exist on type '{ fStatistic: number; pvalue: number; df: number[]; etaSquared?: number | undefined; }'.
lib/services/executors/anova-executor.ts(148,41): error TS2554: Expected 3 arguments, but got 1.
lib/services/executors/anova-executor.ts(153,29): error TS2551: Property 'statistic' does not exist on type '{ fStatistic: number; pValue: number; df: { between: number; within: number; }; }'. Did you mean 'fStatistic'?
lib/services/executors/anova-executor.ts(154,26): error TS2551: Property 'pvalue' does not exist on type '{ fStatistic: number; pValue: number; df: { between: number; within: number; }; }'. Did you mean 'pValue'?
lib/services/executors/anova-executor.ts(155,11): error TS2322: Type '{ between: number; within: number; }' is not assignable to type 'number'.
lib/services/executors/anova-executor.ts(156,58): error TS2551: Property 'pvalue' does not exist on type '{ fStatistic: number; pValue: number; df: { between: number; within: number; }; }'. Did you mean 'pValue'?
lib/services/executors/anova-executor.ts(159,30): error TS2339: Property 'sphericity' does not exist on type '{ fStatistic: number; pValue: number; df: { between: number; within: number; }; }'.
lib/services/executors/anova-executor.ts(160,37): error TS2339: Property 'greenhouseGeisser' does not exist on type '{ fStatistic: number; pValue: number; df: { between: number; within: number; }; }'.
lib/services/executors/anova-executor.ts(193,54): error TS7006: Parameter 'c' implicitly has an 'any' type.
lib/services/executors/anova-executor.ts(194,56): error TS7006: Parameter 'c' implicitly has an 'any' type.
lib/services/executors/anova-executor.ts(197,43): error TS7006: Parameter 'comp' implicitly has an 'any' type.
lib/services/executors/anova-executor.ts(224,41): error TS2339: Property 'gamesHowell' does not exist on type 'PyodideStatisticsService'.
lib/services/executors/anova-executor.ts(230,54): error TS7006: Parameter 'c' implicitly has an 'any' type.
lib/services/executors/anova-executor.ts(231,67): error TS7006: Parameter 'c' implicitly has an 'any' type.
lib/services/executors/anova-executor.ts(234,43): error TS7006: Parameter 'comp' implicitly has an 'any' type.
lib/services/executors/nonparametric-executor.ts(45,28): error TS2339: Property 'rankSum1' does not exist on type '{ statistic: number; pvalue: number; }'.
lib/services/executors/nonparametric-executor.ts(46,28): error TS2339: Property 'rankSum2' does not exist on type '{ statistic: number; pvalue: number; }'.
lib/services/executors/nonparametric-executor.ts(70,53): error TS2345: Argument of type 'number[] | undefined' is not assignable to parameter of type 'number[]'.
  Type 'undefined' is not assignable to type 'number[]'.
lib/services/executors/nonparametric-executor.ts(85,30): error TS2551: Property 'zStatistic' does not exist on type '{ statistic: number; pvalue: number; }'. Did you mean 'statistic'?
lib/services/executors/nonparametric-executor.ts(133,29): error TS2339: Property 'meanRanks' does not exist on type '{ statistic: number; pvalue: number; df: number; }'.
lib/services/executors/nonparametric-executor.ts(196,41): error TS2554: Expected 2-4 arguments, but got 1.
lib/services/executors/nonparametric-executor.ts(202,54): error TS7006: Parameter 'c' implicitly has an 'any' type.
lib/services/executors/nonparametric-executor.ts(203,72): error TS7006: Parameter 'c' implicitly has an 'any' type.
lib/services/executors/nonparametric-executor.ts(206,43): error TS7006: Parameter 'comp' implicitly has an 'any' type.
lib/services/executors/regression-executor.ts(24,33): error TS2339: Property 'residuals' does not exist on type '{ slope?: number | undefined; intercept?: number | undefined; rSquared: number; pvalue: number; fStatistic?: number | undefined; tStatistic?: number | undefined; predictions?: number[] | undefined; df?: number | undefined; }'.
lib/services/executors/regression-executor.ts(24,51): error TS7006: Parameter 'sum' implicitly has an 'any' type.
lib/services/executors/regression-executor.ts(24,56): error TS7006: Parameter 'r' implicitly has an 'any' type.
lib/services/executors/regression-executor.ts(38,15): error TS2322: Type 'number | undefined' is not assignable to type 'number'.
  Type 'undefined' is not assignable to type 'number'.
lib/services/executors/regression-executor.ts(39,32): error TS2339: Property 'interceptStderr' does not exist on type '{ slope?: number | undefined; intercept?: number | undefined; rSquared: number; pvalue: number; fStatistic?: number | undefined; tStatistic?: number | undefined; predictions?: number[] | undefined; df?: number | undefined; }'.
lib/services/executors/regression-executor.ts(40,23): error TS18048: 'result.intercept' is possibly 'undefined'.
lib/services/executors/regression-executor.ts(40,49): error TS2339: Property 'interceptStderr' does not exist on type '{ slope?: number | undefined; intercept?: number | undefined; rSquared: number; pvalue: number; fStatistic?: number | undefined; tStatistic?: number | undefined; predictions?: number[] | undefined; df?: number | undefined; }'.
lib/services/executors/regression-executor.ts(41,30): error TS2339: Property 'interceptPvalue' does not exist on type '{ slope?: number | undefined; intercept?: number | undefined; rSquared: number; pvalue: number; fStatistic?: number | undefined; tStatistic?: number | undefined; predictions?: number[] | undefined; df?: number | undefined; }'.
lib/services/executors/regression-executor.ts(45,15): error TS2322: Type 'number | undefined' is not assignable to type 'number'.
  Type 'undefined' is not assignable to type 'number'.
lib/services/executors/regression-executor.ts(46,32): error TS2339: Property 'slopeStderr' does not exist on type '{ slope?: number | undefined; intercept?: number | undefined; rSquared: number; pvalue: number; fStatistic?: number | undefined; tStatistic?: number | undefined; predictions?: number[] | undefined; df?: number | undefined; }'.
lib/services/executors/regression-executor.ts(47,23): error TS18048: 'result.slope' is possibly 'undefined'.
lib/services/executors/regression-executor.ts(47,45): error TS2339: Property 'slopeStderr' does not exist on type '{ slope?: number | undefined; intercept?: number | undefined; rSquared: number; pvalue: number; fStatistic?: number | undefined; tStatistic?: number | undefined; predictions?: number[] | undefined; df?: number | undefined; }'.
lib/services/executors/regression-executor.ts(53,29): error TS2339: Property 'residuals' does not exist on type '{ slope?: number | undefined; intercept?: number | undefined; rSquared: number; pvalue: number; fStatistic?: number | undefined; tStatistic?: number | undefined; predictions?: number[] | undefined; df?: number | undefined; }'.
lib/services/executors/statistical-executor.ts(392,23): error TS7006: Parameter 'col' implicitly has an 'any' type.
lib/services/executors/t-test-executor.ts(69,37): error TS2551: Property 'pvalue' does not exist on type '{ statistic: number; pValue: number; equalVariance: boolean; }'. Did you mean 'pValue'?
lib/services/executors/t-test-executor.ts(93,36): error TS2551: Property 'pvalue' does not exist on type '{ statistic: number; pValue: number; equalVariance: boolean; }'. Did you mean 'pValue'?
lib/services/executors/t-test-executor.ts(103,11): error TS2322: Type '{ lower: number; upper: number; } | undefined' is not assignable to type '{ lower: number; upper: number; level: number; } | undefined'.
  Property 'level' is missing in type '{ lower: number; upper: number; }' but required in type '{ lower: number; upper: number; level: number; }'.
lib/services/executors/t-test-executor.ts(164,11): error TS2322: Type '{ lower: number; upper: number; } | undefined' is not assignable to type '{ lower: number; upper: number; level: number; } | undefined'.
  Property 'level' is missing in type '{ lower: number; upper: number; }' but required in type '{ lower: number; upper: number; level: number; }'.
lib/services/hybrid-recommender.ts(255,24): error TS2345: Argument of type '{ id: string; name: string; description: string; category: "warning"; }' is not assignable to parameter of type 'StatisticalMethod'.
  Types of property 'category' are incompatible.
    Type '"warning"' is not assignable to type '"descriptive" | "t-test" | "anova" | "regression" | "nonparametric" | "advanced"'.
lib/services/hybrid-recommender.ts(266,24): error TS2345: Argument of type '{ id: string; name: string; description: string; category: "warning"; }' is not assignable to parameter of type 'StatisticalMethod'.
  Types of property 'category' are incompatible.
    Type '"warning"' is not assignable to type '"descriptive" | "t-test" | "anova" | "regression" | "nonparametric" | "advanced"'.
lib/services/pdf-report-service.ts(198,11): error TS2353: Object literal may only specify known properties, and 'scale' does not exist in type 'Html2CanvasOptions'.
lib/services/smart-recommender.ts(214,92): error TS2322: Type '"posthoc"' is not assignable to type '"descriptive" | "t-test" | "anova" | "regression" | "nonparametric" | "advanced"'.
lib/services/smart-recommender.ts(218,98): error TS2322: Type '"resampling"' is not assignable to type '"descriptive" | "t-test" | "anova" | "regression" | "nonparametric" | "advanced"'.
lib/services/statistical-executor.ts(168,63): error TS7006: Parameter 'col' implicitly has an 'any' type.
lib/services/statistical-executor.ts(186,31): error TS2345: Argument of type 'unknown' is not assignable to parameter of type 'number'.
lib/services/statistical-executor.ts(295,9): error TS2322: Type '{ lower: number; upper: number; } | undefined' is not assignable to type '{ level: number; lower: number; upper: number; } | undefined'.
  Property 'level' is missing in type '{ lower: number; upper: number; }' but required in type '{ level: number; lower: number; upper: number; }'.
lib/services/statistical-executor.ts(346,9): error TS2322: Type 'number[]' is not assignable to type 'number'.
lib/services/statistical-executor.ts(401,9): error TS2322: Type 'number | undefined' is not assignable to type 'number'.
  Type 'undefined' is not assignable to type 'number'.
lib/services/statistical-executor.ts(440,63): error TS2554: Expected 2 arguments, but got 3.
lib/services/statistical-executor.ts(456,27): error TS2339: Property 'correlation' does not exist on type '{ pearson: { r: number; pValue: number; }; spearman: { r: number; pValue: number; }; kendall: { r: number; pValue: number; }; }'.
lib/services/statistical-executor.ts(457,24): error TS2339: Property 'pvalue' does not exist on type '{ pearson: { r: number; pValue: number; }; spearman: { r: number; pValue: number; }; kendall: { r: number; pValue: number; }; }'.
lib/services/statistical-executor.ts(458,29): error TS2339: Property 'pvalue' does not exist on type '{ pearson: { r: number; pValue: number; }; spearman: { r: number; pValue: number; }; kendall: { r: number; pValue: number; }; }'.
lib/services/statistical-executor.ts(459,42): error TS2339: Property 'correlation' does not exist on type '{ pearson: { r: number; pValue: number; }; spearman: { r: number; pValue: number; }; kendall: { r: number; pValue: number; }; }'.
lib/services/statistical-executor.ts(459,102): error TS2339: Property 'correlation' does not exist on type '{ pearson: { r: number; pValue: number; }; spearman: { r: number; pValue: number; }; kendall: { r: number; pValue: number; }; }'.
lib/services/statistical-executor.ts(462,36): error TS2339: Property 'confidenceInterval' does not exist on type '{ pearson: { r: number; pValue: number; }; spearman: { r: number; pValue: number; }; kendall: { r: number; pValue: number; }; }'.
lib/services/statistical-executor.ts(604,7): error TS2322: Type 'string' is not assignable to type '"exponential" | "decomposition" | "arima" | undefined'.
lib/services/statistical-executor.ts(619,9): error TS2322: Type 'number | number[]' is not assignable to type 'number'.
  Type 'number[]' is not assignable to type 'number'.
lib/services/statistical-executor.ts(620,24): error TS2339: Property 'pvalue' does not exist on type '{ trend?: number[] | undefined; seasonal?: number[] | undefined; residual?: number[] | undefined; forecast?: number[] | undefined; acf?: number[] | undefined; pacf?: number[] | undefined; }'.
lib/services/statistical-executor.ts(621,29): error TS2339: Property 'pvalue' does not exist on type '{ trend?: number[] | undefined; seasonal?: number[] | undefined; residual?: number[] | undefined; forecast?: number[] | undefined; acf?: number[] | undefined; pacf?: number[] | undefined; }'.
lib/smart-analysis-engine.ts(169,5): error TS2322: Type '{ confidence: string; id: string; title: string; description: string; easyDescription: string; method: string; requiredColumns: string[]; assumptions: string[]; nextSteps: string[]; }[]' is not assignable to type 'AnalysisRecommendation[]'.
  Type '{ confidence: string; id: string; title: string; description: string; easyDescription: string; method: string; requiredColumns: string[]; assumptions: string[]; nextSteps: string[]; }' is not assignable to type 'AnalysisRecommendation'.
    Types of property 'confidence' are incompatible.
      Type 'string' is not assignable to type '"high" | "medium" | "low"'.
lib/smart-analysis-engine.ts(169,38): error TS7053: Element implicitly has an 'any' type because expression of type 'string' can't be used to index type '{ high: number; medium: number; low: number; }'.
  No index signature with a parameter of type 'string' was found on type '{ high: number; medium: number; low: number; }'.
lib/smart-analysis-engine.ts(169,69): error TS7053: Element implicitly has an 'any' type because expression of type 'string' can't be used to index type '{ high: number; medium: number; low: number; }'.
  No index signature with a parameter of type 'string' was found on type '{ high: number; medium: number; low: number; }'.
lib/statistics/__tests__/formatters.test.ts(62,50): error TS2345: Argument of type '2' is not assignable to parameter of type '4'.
lib/statistics/anova.ts(112,3): error TS2552: Cannot find name 'validateNumericArray'. Did you mean 'validateNumericMatrix'?
lib/statistics/descriptive.ts(146,3): error TS2552: Cannot find name 'validateNumericMatrix'. Did you mean 'validateNumericArray'?
lib/statistics/groups/advanced.group.ts(60,34): error TS2339: Property 'pyodideService' does not exist on type 'CalculatorContext'.
lib/statistics/groups/advanced.group.ts(90,34): error TS2339: Property 'pyodideService' does not exist on type 'CalculatorContext'.
lib/statistics/groups/advanced.group.ts(119,34): error TS2339: Property 'pyodideService' does not exist on type 'CalculatorContext'.
lib/statistics/groups/advanced.group.ts(152,35): error TS2339: Property 'pyodideService' does not exist on type 'CalculatorContext'.
lib/statistics/groups/advanced.group.ts(184,35): error TS2339: Property 'pyodideService' does not exist on type 'CalculatorContext'.
lib/statistics/groups/advanced.group.ts(216,35): error TS2339: Property 'pyodideService' does not exist on type 'CalculatorContext'.
lib/statistics/groups/advanced.group.ts(244,35): error TS2339: Property 'pyodideService' does not exist on type 'CalculatorContext'.
lib/statistics/groups/advanced.group.ts(276,35): error TS2339: Property 'pyodideService' does not exist on type 'CalculatorContext'.
lib/statistics/groups/advanced.group.ts(308,35): error TS2339: Property 'pyodideService' does not exist on type 'CalculatorContext'.
lib/statistics/groups/advanced.group.ts(341,35): error TS2339: Property 'pyodideService' does not exist on type 'CalculatorContext'.
lib/statistics/groups/advanced.group.ts(378,35): error TS2339: Property 'pyodideService' does not exist on type 'CalculatorContext'.
lib/statistics/groups/advanced.group.ts(416,35): error TS2339: Property 'pyodideService' does not exist on type 'CalculatorContext'.
lib/statistics/groups/anova.group.ts(73,34): error TS2339: Property 'pyodideService' does not exist on type 'CalculatorContext'.
lib/statistics/groups/anova.group.ts(115,34): error TS2339: Property 'pyodideService' does not exist on type 'CalculatorContext'.
lib/statistics/groups/anova.group.ts(147,34): error TS2339: Property 'pyodideService' does not exist on type 'CalculatorContext'.
lib/statistics/groups/anova.group.ts(223,34): error TS2339: Property 'pyodideService' does not exist on type 'CalculatorContext'.
lib/statistics/groups/anova.group.ts(288,34): error TS2339: Property 'pyodideService' does not exist on type 'CalculatorContext'.
lib/statistics/groups/anova.group.ts(315,34): error TS2339: Property 'pyodideService' does not exist on type 'CalculatorContext'.
lib/statistics/groups/anova.group.ts(350,34): error TS2339: Property 'pyodideService' does not exist on type 'CalculatorContext'.
lib/statistics/groups/anova.group.ts(389,34): error TS2339: Property 'pyodideService' does not exist on type 'CalculatorContext'.
lib/statistics/groups/anova.group.ts(430,34): error TS2339: Property 'pyodideService' does not exist on type 'CalculatorContext'.
lib/statistics/groups/descriptive.group.ts(81,34): error TS2339: Property 'pyodideService' does not exist on type 'CalculatorContext'.
lib/statistics/groups/descriptive.group.ts(118,34): error TS2339: Property 'pyodideService' does not exist on type 'CalculatorContext'.
lib/statistics/groups/descriptive.group.ts(155,34): error TS2339: Property 'pyodideService' does not exist on type 'CalculatorContext'.
lib/statistics/groups/descriptive.group.ts(201,34): error TS2339: Property 'pyodideService' does not exist on type 'CalculatorContext'.
lib/statistics/groups/descriptive.group.ts(263,34): error TS2339: Property 'pyodideService' does not exist on type 'CalculatorContext'.
lib/statistics/groups/descriptive.group.ts(323,34): error TS2339: Property 'pyodideService' does not exist on type 'CalculatorContext'.
lib/statistics/groups/descriptive.group.ts(535,34): error TS2339: Property 'pyodideService' does not exist on type 'CalculatorContext'.
lib/statistics/groups/descriptive.group.ts(606,34): error TS2339: Property 'pyodideService' does not exist on type 'CalculatorContext'.
lib/statistics/groups/hypothesis.group.ts(83,34): error TS2339: Property 'pyodideService' does not exist on type 'CalculatorContext'.
lib/statistics/groups/hypothesis.group.ts(141,34): error TS2339: Property 'pyodideService' does not exist on type 'CalculatorContext'.
lib/statistics/groups/hypothesis.group.ts(188,34): error TS2339: Property 'pyodideService' does not exist on type 'CalculatorContext'.
lib/statistics/groups/hypothesis.group.ts(236,34): error TS2339: Property 'pyodideService' does not exist on type 'CalculatorContext'.
lib/statistics/groups/hypothesis.group.ts(267,34): error TS2339: Property 'pyodideService' does not exist on type 'CalculatorContext'.
lib/statistics/groups/hypothesis.group.ts(302,34): error TS2339: Property 'pyodideService' does not exist on type 'CalculatorContext'.
lib/statistics/groups/hypothesis.group.ts(359,34): error TS2339: Property 'pyodideService' does not exist on type 'CalculatorContext'.
lib/statistics/groups/hypothesis.group.ts(431,34): error TS2339: Property 'pyodideService' does not exist on type 'CalculatorContext'.
lib/statistics/groups/nonparametric.group.ts(77,34): error TS2339: Property 'pyodideService' does not exist on type 'CalculatorContext'.
lib/statistics/groups/nonparametric.group.ts(127,34): error TS2339: Property 'pyodideService' does not exist on type 'CalculatorContext'.
lib/statistics/groups/nonparametric.group.ts(174,34): error TS2339: Property 'pyodideService' does not exist on type 'CalculatorContext'.
lib/statistics/groups/nonparametric.group.ts(207,34): error TS2339: Property 'pyodideService' does not exist on type 'CalculatorContext'.
lib/statistics/groups/nonparametric.group.ts(247,34): error TS2339: Property 'pyodideService' does not exist on type 'CalculatorContext'.
lib/statistics/groups/nonparametric.group.ts(284,34): error TS2339: Property 'pyodideService' does not exist on type 'CalculatorContext'.
lib/statistics/groups/nonparametric.group.ts(317,34): error TS2339: Property 'pyodideService' does not exist on type 'CalculatorContext'.
lib/statistics/groups/nonparametric.group.ts(359,34): error TS2339: Property 'pyodideService' does not exist on type 'CalculatorContext'.
lib/statistics/groups/nonparametric.group.ts(392,34): error TS2339: Property 'pyodideService' does not exist on type 'CalculatorContext'.
lib/statistics/groups/regression.group.ts(71,34): error TS2339: Property 'pyodideService' does not exist on type 'CalculatorContext'.
lib/statistics/groups/regression.group.ts(102,34): error TS2339: Property 'pyodideService' does not exist on type 'CalculatorContext'.
lib/statistics/groups/regression.group.ts(131,34): error TS2339: Property 'pyodideService' does not exist on type 'CalculatorContext'.
lib/statistics/groups/regression.group.ts(162,35): error TS2339: Property 'pyodideService' does not exist on type 'CalculatorContext'.
lib/statistics/groups/regression.group.ts(191,35): error TS2339: Property 'pyodideService' does not exist on type 'CalculatorContext'.
lib/statistics/groups/regression.group.ts(219,35): error TS2339: Property 'pyodideService' does not exist on type 'CalculatorContext'.
lib/statistics/groups/regression.group.ts(248,35): error TS2339: Property 'pyodideService' does not exist on type 'CalculatorContext'.
lib/statistics/groups/regression.group.ts(276,35): error TS2339: Property 'pyodideService' does not exist on type 'CalculatorContext'.
lib/statistics/groups/regression.group.ts(304,35): error TS2339: Property 'pyodideService' does not exist on type 'CalculatorContext'.
lib/statistics/groups/regression.group.ts(332,35): error TS2339: Property 'pyodideService' does not exist on type 'CalculatorContext'.
lib/statistics/groups/regression.group.ts(360,35): error TS2339: Property 'pyodideService' does not exist on type 'CalculatorContext'.
lib/statistics/groups/regression.group.ts(388,35): error TS2339: Property 'pyodideService' does not exist on type 'CalculatorContext'.
lib/statistics/registry/statistical-registry.ts(163,7): error TS2353: Object literal may only specify known properties, and 'pyodideService' does not exist in type 'CalculatorContext'.
